[2020-08-31 23:58:02] app.INFO: Protect vendor folder in module contactform [] []
[2020-08-31 23:58:02] app.INFO: Module contactform has no vendor folder [] []
[2020-08-31 23:58:02] app.INFO: Protect vendor folder in module dashactivity [] []
[2020-08-31 23:58:02] app.INFO: Module dashactivity has no vendor folder [] []
[2020-08-31 23:58:02] app.INFO: Protect vendor folder in module dashtrends [] []
[2020-08-31 23:58:02] app.INFO: Module dashtrends has no vendor folder [] []
[2020-08-31 23:58:03] app.INFO: Protect vendor folder in module dashgoals [] []
[2020-08-31 23:58:03] app.INFO: Module dashgoals has no vendor folder [] []
[2020-08-31 23:58:03] app.INFO: Protect vendor folder in module dashproducts [] []
[2020-08-31 23:58:03] app.INFO: Module dashproducts has no vendor folder [] []
[2020-08-31 23:58:03] app.INFO: Protect vendor folder in module graphnvd3 [] []
[2020-08-31 23:58:03] app.INFO: Module graphnvd3 has no vendor folder [] []
[2020-08-31 23:58:03] app.INFO: Protect vendor folder in module gridhtml [] []
[2020-08-31 23:58:03] app.INFO: Module gridhtml has no vendor folder [] []
[2020-08-31 23:58:03] app.INFO: Protect vendor folder in module gsitemap [] []
[2020-08-31 23:58:03] app.INFO: Module gsitemap has no vendor folder [] []
[2020-08-31 23:58:03] app.INFO: Protect vendor folder in module ps_banner [] []
[2020-08-31 23:58:03] app.INFO: Module ps_banner has no vendor folder [] []
[2020-08-31 23:58:03] app.INFO: Protect vendor folder in module ps_categorytree [] []
[2020-08-31 23:58:03] app.INFO: Module ps_categorytree has no vendor folder [] []
[2020-08-31 23:58:03] app.INFO: Protect vendor folder in module ps_checkpayment [] []
[2020-08-31 23:58:03] app.INFO: Module ps_checkpayment has no vendor folder [] []
[2020-08-31 23:58:03] app.INFO: Protect vendor folder in module ps_contactinfo [] []
[2020-08-31 23:58:03] app.INFO: Module ps_contactinfo has no vendor folder [] []
[2020-08-31 23:58:03] app.INFO: Protect vendor folder in module ps_currencyselector [] []
[2020-08-31 23:58:03] app.INFO: Module ps_currencyselector has no vendor folder [] []
[2020-08-31 23:58:03] app.INFO: Protect vendor folder in module ps_customeraccountlinks [] []
[2020-08-31 23:58:03] app.INFO: Module ps_customeraccountlinks has no vendor folder [] []
[2020-08-31 23:58:03] app.INFO: Protect vendor folder in module ps_customersignin [] []
[2020-08-31 23:58:03] app.INFO: Module ps_customersignin has no vendor folder [] []
[2020-08-31 23:58:03] app.INFO: Protect vendor folder in module ps_customtext [] []
[2020-08-31 23:58:03] app.INFO: Module ps_customtext has no vendor folder [] []
[2020-08-31 23:58:03] app.INFO: Protect vendor folder in module ps_emailsubscription [] []
[2020-08-31 23:58:03] app.INFO: Module ps_emailsubscription has no vendor folder [] []
[2020-08-31 23:58:03] app.INFO: Protect vendor folder in module ps_facetedsearch [] []
[2020-08-31 23:58:03] app.INFO: Module ps_facetedsearch has no vendor folder [] []
[2020-08-31 23:58:03] app.INFO: Protect vendor folder in module ps_faviconnotificationbo [] []
[2020-08-31 23:58:03] app.INFO: Module ps_faviconnotificationbo has no vendor folder [] []
[2020-08-31 23:58:03] app.INFO: Protect vendor folder in module ps_featuredproducts [] []
[2020-08-31 23:58:03] app.INFO: Module ps_featuredproducts has no vendor folder [] []
[2020-08-31 23:58:03] app.INFO: Protect vendor folder in module ps_imageslider [] []
[2020-08-31 23:58:03] app.INFO: Module ps_imageslider has no vendor folder [] []
[2020-08-31 23:58:03] app.INFO: Protect vendor folder in module ps_languageselector [] []
[2020-08-31 23:58:03] app.INFO: Module ps_languageselector has no vendor folder [] []
[2020-08-31 23:58:03] app.INFO: Protect vendor folder in module ps_linklist [] []
[2020-08-31 23:58:03] app.INFO: Module ps_linklist has no vendor folder [] []
[2020-08-31 23:58:03] app.ERROR: Class "AdminLinkWidgetController" not found in controllers/admin [] []
[2020-08-31 23:58:04] app.INFO: Protect vendor folder in module ps_mainmenu [] []
[2020-08-31 23:58:04] app.INFO: Module ps_mainmenu has no vendor folder [] []
[2020-08-31 23:58:04] app.INFO: Protect vendor folder in module ps_searchbar [] []
[2020-08-31 23:58:04] app.INFO: Module ps_searchbar has no vendor folder [] []
[2020-08-31 23:58:04] app.INFO: Protect vendor folder in module ps_sharebuttons [] []
[2020-08-31 23:58:04] app.INFO: Module ps_sharebuttons has no vendor folder [] []
[2020-08-31 23:58:04] app.INFO: Protect vendor folder in module ps_shoppingcart [] []
[2020-08-31 23:58:04] app.INFO: Module ps_shoppingcart has no vendor folder [] []
[2020-08-31 23:58:04] app.INFO: Protect vendor folder in module ps_socialfollow [] []
[2020-08-31 23:58:04] app.INFO: Module ps_socialfollow has no vendor folder [] []
[2020-08-31 23:58:04] app.INFO: Protect vendor folder in module ps_themecusto [] []
[2020-08-31 23:58:04] app.INFO: Module ps_themecusto has no vendor folder [] []
[2020-08-31 23:58:04] app.INFO: Protect vendor folder in module ps_wirepayment [] []
[2020-08-31 23:58:04] app.INFO: Module ps_wirepayment has no vendor folder [] []
[2020-08-31 23:58:04] app.INFO: Protect vendor folder in module pagesnotfound [] []
[2020-08-31 23:58:04] app.INFO: Module pagesnotfound has no vendor folder [] []
[2020-08-31 23:58:04] app.INFO: Protect vendor folder in module sekeywords [] []
[2020-08-31 23:58:04] app.INFO: Module sekeywords has no vendor folder [] []
[2020-08-31 23:58:04] app.INFO: Protect vendor folder in module statsbestcategories [] []
[2020-08-31 23:58:04] app.INFO: Module statsbestcategories has no vendor folder [] []
[2020-08-31 23:58:04] app.INFO: Protect vendor folder in module statsbestcustomers [] []
[2020-08-31 23:58:04] app.INFO: Module statsbestcustomers has no vendor folder [] []
[2020-08-31 23:58:04] app.INFO: Protect vendor folder in module statsbestproducts [] []
[2020-08-31 23:58:04] app.INFO: Module statsbestproducts has no vendor folder [] []
[2020-08-31 23:58:04] app.INFO: Protect vendor folder in module statsbestsuppliers [] []
[2020-08-31 23:58:04] app.INFO: Module statsbestsuppliers has no vendor folder [] []
[2020-08-31 23:58:04] app.INFO: Protect vendor folder in module statsbestvouchers [] []
[2020-08-31 23:58:04] app.INFO: Module statsbestvouchers has no vendor folder [] []
[2020-08-31 23:58:04] app.INFO: Protect vendor folder in module statscarrier [] []
[2020-08-31 23:58:04] app.INFO: Module statscarrier has no vendor folder [] []
[2020-08-31 23:58:04] app.INFO: Protect vendor folder in module statscatalog [] []
[2020-08-31 23:58:04] app.INFO: Module statscatalog has no vendor folder [] []
[2020-08-31 23:58:04] app.INFO: Protect vendor folder in module statscheckup [] []
[2020-08-31 23:58:04] app.INFO: Module statscheckup has no vendor folder [] []
[2020-08-31 23:58:04] app.INFO: Protect vendor folder in module statsdata [] []
[2020-08-31 23:58:04] app.INFO: Module statsdata has no vendor folder [] []
[2020-08-31 23:58:04] app.INFO: Protect vendor folder in module statsequipment [] []
[2020-08-31 23:58:04] app.INFO: Module statsequipment has no vendor folder [] []
[2020-08-31 23:58:04] app.INFO: Protect vendor folder in module statsforecast [] []
[2020-08-31 23:58:04] app.INFO: Module statsforecast has no vendor folder [] []
[2020-08-31 23:58:04] app.INFO: Protect vendor folder in module statslive [] []
[2020-08-31 23:58:04] app.INFO: Module statslive has no vendor folder [] []
[2020-08-31 23:58:04] app.INFO: Protect vendor folder in module statsnewsletter [] []
[2020-08-31 23:58:04] app.INFO: Module statsnewsletter has no vendor folder [] []
[2020-08-31 23:58:04] app.INFO: Protect vendor folder in module statsorigin [] []
[2020-08-31 23:58:04] app.INFO: Module statsorigin has no vendor folder [] []
[2020-08-31 23:58:04] app.INFO: Protect vendor folder in module statspersonalinfos [] []
[2020-08-31 23:58:04] app.INFO: Module statspersonalinfos has no vendor folder [] []
[2020-08-31 23:58:04] app.INFO: Protect vendor folder in module statsproduct [] []
[2020-08-31 23:58:04] app.INFO: Module statsproduct has no vendor folder [] []
[2020-08-31 23:58:04] app.INFO: Protect vendor folder in module statsregistrations [] []
[2020-08-31 23:58:04] app.INFO: Module statsregistrations has no vendor folder [] []
[2020-08-31 23:58:04] app.INFO: Protect vendor folder in module statssales [] []
[2020-08-31 23:58:04] app.INFO: Module statssales has no vendor folder [] []
[2020-08-31 23:58:04] app.INFO: Protect vendor folder in module statssearch [] []
[2020-08-31 23:58:04] app.INFO: Module statssearch has no vendor folder [] []
[2020-08-31 23:58:04] app.INFO: Protect vendor folder in module statsstock [] []
[2020-08-31 23:58:04] app.INFO: Module statsstock has no vendor folder [] []
[2020-08-31 23:58:04] app.INFO: Protect vendor folder in module statsvisits [] []
[2020-08-31 23:58:04] app.INFO: Module statsvisits has no vendor folder [] []
[2020-08-31 23:58:04] app.INFO: Protect vendor folder in module welcome [] []
[2020-08-31 23:58:11] app.INFO: Exporting mail with theme modern for language Português (Brasil) [] []
[2020-08-31 23:58:11] app.INFO: Core output folder: /home/u630514812/domains/jeitodecozinha.com.br/public_html/mails [] []
[2020-08-31 23:58:11] app.INFO: Modules output folder: /home/u630514812/domains/jeitodecozinha.com.br/public_html/modules/ [] []
[2020-09-08 18:27:51] request.INFO: Matched route "admin_module_notification_count". {"route":"admin_module_notification_count","route_parameters":{"_controller":"PrestaShopBundle\\Controller\\Admin\\Improve\\Modules\\AlertsController::notificationsCountAction","_legacy_controller":"AdminModulesNotifications","_legacy_link":"AdminModulesNotifications:count","_route":"admin_module_notification_count"},"request_uri":"https://jeitodecozinha.com.br/loja/admin914u2qbma/index.php/improve/modules/alerts/count?_token=fOJL4wBHfuFlIBv2FQyDIrQMnY-t3Etju7-aFjcfyUY","method":"GET"} []
[2020-09-08 18:27:51] security.DEBUG: Read existing security token from the session. {"key":"_security_main","token_class":"Symfony\\Component\\Security\\Core\\Authentication\\Token\\UsernamePasswordToken"} []
[2020-09-08 18:27:51] security.DEBUG: User was reloaded from a user provider. {"provider":"PrestaShopBundle\\Security\\Admin\\EmployeeProvider","username":"jeitodecozinha@gmail.com"} []
[2020-09-08 18:27:51] request.CRITICAL: Uncaught PHP Exception Symfony\Component\Debug\Exception\FatalErrorException: "Compile Error: require_once(): Failed opening required '/home/u630514812/domains/jeitodecozinha.com.br/public_html/modules/dashgoals/dashgoals.php' (include_path='/home/u630514812/domains/jeitodecozinha.com.br/public_html/loja/vendor/pear/pear_exception:/home/u630514812/domains/jeitodecozinha.com.br/public_html/loja/vendor/pear/console_getopt:/home/u630514812/domains/jeitodecozinha.com.br/public_html/loja/vendor/pear/pear-core-minimal/src:/home/u630514812/domains/jeitodecozinha.com.br/public_html/loja/vendor/pear/archive_tar:.:/opt/alt/php72/usr/share/pear')" at /home/u630514812/domains/jeitodecozinha.com.br/public_html/loja/src/Adapter/Module/Module.php line 369 {"exception":"[object] (Symfony\\Component\\Debug\\Exception\\FatalErrorException(code: 0): Compile Error: require_once(): Failed opening required '/home/u630514812/domains/jeitodecozinha.com.br/public_html/modules/dashgoals/dashgoals.php' (include_path='/home/u630514812/domains/jeitodecozinha.com.br/public_html/loja/vendor/pear/pear_exception:/home/u630514812/domains/jeitodecozinha.com.br/public_html/loja/vendor/pear/console_getopt:/home/u630514812/domains/jeitodecozinha.com.br/public_html/loja/vendor/pear/pear-core-minimal/src:/home/u630514812/domains/jeitodecozinha.com.br/public_html/loja/vendor/pear/archive_tar:.:/opt/alt/php72/usr/share/pear') at /home/u630514812/domains/jeitodecozinha.com.br/public_html/loja/src/Adapter/Module/Module.php:369)"} []
[2020-09-08 18:27:51] security.DEBUG: Stored the security token in the session. {"key":"_security_main"} []
[2020-09-08 18:28:28] request.INFO: Matched route "admin_module_notification". {"route":"admin_module_notification","route_parameters":{"_controller":"PrestaShopBundle\\Controller\\Admin\\Improve\\Modules\\AlertsController::indexAction","_legacy_controller":"AdminModulesNotifications","_legacy_link":"AdminModulesNotifications","_route":"admin_module_notification"},"request_uri":"https://jeitodecozinha.com.br/loja/admin914u2qbma/index.php/improve/modules/alerts?_token=fOJL4wBHfuFlIBv2FQyDIrQMnY-t3Etju7-aFjcfyUY","method":"GET"} []
[2020-09-08 18:28:28] security.DEBUG: Read existing security token from the session. {"key":"_security_main","token_class":"Symfony\\Component\\Security\\Core\\Authentication\\Token\\UsernamePasswordToken"} []
[2020-09-08 18:28:28] security.DEBUG: User was reloaded from a user provider. {"provider":"PrestaShopBundle\\Security\\Admin\\EmployeeProvider","username":"jeitodecozinha@gmail.com"} []
[2020-09-08 18:28:28] request.CRITICAL: Uncaught PHP Exception Symfony\Component\Debug\Exception\FatalErrorException: "Compile Error: require_once(): Failed opening required '/home/u630514812/domains/jeitodecozinha.com.br/public_html/modules/dashgoals/dashgoals.php' (include_path='/home/u630514812/domains/jeitodecozinha.com.br/public_html/loja/vendor/pear/pear_exception:/home/u630514812/domains/jeitodecozinha.com.br/public_html/loja/vendor/pear/console_getopt:/home/u630514812/domains/jeitodecozinha.com.br/public_html/loja/vendor/pear/pear-core-minimal/src:/home/u630514812/domains/jeitodecozinha.com.br/public_html/loja/vendor/pear/archive_tar:.:/opt/alt/php72/usr/share/pear')" at /home/u630514812/domains/jeitodecozinha.com.br/public_html/loja/src/Adapter/Module/Module.php line 369 {"exception":"[object] (Symfony\\Component\\Debug\\Exception\\FatalErrorException(code: 0): Compile Error: require_once(): Failed opening required '/home/u630514812/domains/jeitodecozinha.com.br/public_html/modules/dashgoals/dashgoals.php' (include_path='/home/u630514812/domains/jeitodecozinha.com.br/public_html/loja/vendor/pear/pear_exception:/home/u630514812/domains/jeitodecozinha.com.br/public_html/loja/vendor/pear/console_getopt:/home/u630514812/domains/jeitodecozinha.com.br/public_html/loja/vendor/pear/pear-core-minimal/src:/home/u630514812/domains/jeitodecozinha.com.br/public_html/loja/vendor/pear/archive_tar:.:/opt/alt/php72/usr/share/pear') at /home/u630514812/domains/jeitodecozinha.com.br/public_html/loja/src/Adapter/Module/Module.php:369)"} []
[2020-09-08 18:28:28] security.DEBUG: Stored the security token in the session. {"key":"_security_main"} []
[2020-09-08 18:28:34] request.INFO: Matched route "admin_module_notification". {"route":"admin_module_notification","route_parameters":{"_controller":"PrestaShopBundle\\Controller\\Admin\\Improve\\Modules\\AlertsController::indexAction","_legacy_controller":"AdminModulesNotifications","_legacy_link":"AdminModulesNotifications","_route":"admin_module_notification"},"request_uri":"https://jeitodecozinha.com.br/loja/admin914u2qbma/index.php/improve/modules/alerts?_token=fOJL4wBHfuFlIBv2FQyDIrQMnY-t3Etju7-aFjcfyUY","method":"GET"} []
[2020-09-08 18:28:34] security.DEBUG: Read existing security token from the session. {"key":"_security_main","token_class":"Symfony\\Component\\Security\\Core\\Authentication\\Token\\UsernamePasswordToken"} []
[2020-09-08 18:28:34] security.DEBUG: User was reloaded from a user provider. {"provider":"PrestaShopBundle\\Security\\Admin\\EmployeeProvider","username":"jeitodecozinha@gmail.com"} []
[2020-09-08 18:28:34] request.CRITICAL: Uncaught PHP Exception Symfony\Component\Debug\Exception\FatalErrorException: "Compile Error: require_once(): Failed opening required '/home/u630514812/domains/jeitodecozinha.com.br/public_html/modules/dashgoals/dashgoals.php' (include_path='/home/u630514812/domains/jeitodecozinha.com.br/public_html/loja/vendor/pear/pear_exception:/home/u630514812/domains/jeitodecozinha.com.br/public_html/loja/vendor/pear/console_getopt:/home/u630514812/domains/jeitodecozinha.com.br/public_html/loja/vendor/pear/pear-core-minimal/src:/home/u630514812/domains/jeitodecozinha.com.br/public_html/loja/vendor/pear/archive_tar:.:/opt/alt/php72/usr/share/pear')" at /home/u630514812/domains/jeitodecozinha.com.br/public_html/loja/src/Adapter/Module/Module.php line 369 {"exception":"[object] (Symfony\\Component\\Debug\\Exception\\FatalErrorException(code: 0): Compile Error: require_once(): Failed opening required '/home/u630514812/domains/jeitodecozinha.com.br/public_html/modules/dashgoals/dashgoals.php' (include_path='/home/u630514812/domains/jeitodecozinha.com.br/public_html/loja/vendor/pear/pear_exception:/home/u630514812/domains/jeitodecozinha.com.br/public_html/loja/vendor/pear/console_getopt:/home/u630514812/domains/jeitodecozinha.com.br/public_html/loja/vendor/pear/pear-core-minimal/src:/home/u630514812/domains/jeitodecozinha.com.br/public_html/loja/vendor/pear/archive_tar:.:/opt/alt/php72/usr/share/pear') at /home/u630514812/domains/jeitodecozinha.com.br/public_html/loja/src/Adapter/Module/Module.php:369)"} []
[2020-09-08 18:28:34] security.DEBUG: Stored the security token in the session. {"key":"_security_main"} []
[2020-09-08 18:28:38] request.INFO: Matched route "admin_module_updates". {"route":"admin_module_updates","route_parameters":{"_controller":"PrestaShopBundle\\Controller\\Admin\\Improve\\Modules\\UpdatesController::indexAction","_legacy_controller":"AdminModulesUpdates","_legacy_link":"AdminModulesUpdates","_route":"admin_module_updates"},"request_uri":"https://jeitodecozinha.com.br/loja/admin914u2qbma/index.php/improve/modules/updates?_token=fOJL4wBHfuFlIBv2FQyDIrQMnY-t3Etju7-aFjcfyUY","method":"GET"} []
[2020-09-08 18:28:38] security.DEBUG: Read existing security token from the session. {"key":"_security_main","token_class":"Symfony\\Component\\Security\\Core\\Authentication\\Token\\UsernamePasswordToken"} []
[2020-09-08 18:28:38] security.DEBUG: User was reloaded from a user provider. {"provider":"PrestaShopBundle\\Security\\Admin\\EmployeeProvider","username":"jeitodecozinha@gmail.com"} []
[2020-09-08 18:28:38] request.CRITICAL: Uncaught PHP Exception Symfony\Component\Debug\Exception\FatalErrorException: "Compile Error: require_once(): Failed opening required '/home/u630514812/domains/jeitodecozinha.com.br/public_html/modules/dashgoals/dashgoals.php' (include_path='/home/u630514812/domains/jeitodecozinha.com.br/public_html/loja/vendor/pear/pear_exception:/home/u630514812/domains/jeitodecozinha.com.br/public_html/loja/vendor/pear/console_getopt:/home/u630514812/domains/jeitodecozinha.com.br/public_html/loja/vendor/pear/pear-core-minimal/src:/home/u630514812/domains/jeitodecozinha.com.br/public_html/loja/vendor/pear/archive_tar:.:/opt/alt/php72/usr/share/pear')" at /home/u630514812/domains/jeitodecozinha.com.br/public_html/loja/src/Adapter/Module/Module.php line 369 {"exception":"[object] (Symfony\\Component\\Debug\\Exception\\FatalErrorException(code: 0): Compile Error: require_once(): Failed opening required '/home/u630514812/domains/jeitodecozinha.com.br/public_html/modules/dashgoals/dashgoals.php' (include_path='/home/u630514812/domains/jeitodecozinha.com.br/public_html/loja/vendor/pear/pear_exception:/home/u630514812/domains/jeitodecozinha.com.br/public_html/loja/vendor/pear/console_getopt:/home/u630514812/domains/jeitodecozinha.com.br/public_html/loja/vendor/pear/pear-core-minimal/src:/home/u630514812/domains/jeitodecozinha.com.br/public_html/loja/vendor/pear/archive_tar:.:/opt/alt/php72/usr/share/pear') at /home/u630514812/domains/jeitodecozinha.com.br/public_html/loja/src/Adapter/Module/Module.php:369)"} []
[2020-09-08 18:28:38] security.DEBUG: Stored the security token in the session. {"key":"_security_main"} []
[2020-09-08 18:28:45] request.INFO: Matched route "admin_module_notification_count". {"route":"admin_module_notification_count","route_parameters":{"_controller":"PrestaShopBundle\\Controller\\Admin\\Improve\\Modules\\AlertsController::notificationsCountAction","_legacy_controller":"AdminModulesNotifications","_legacy_link":"AdminModulesNotifications:count","_route":"admin_module_notification_count"},"request_uri":"https://jeitodecozinha.com.br/loja/admin914u2qbma/index.php/improve/modules/alerts/count?_token=fOJL4wBHfuFlIBv2FQyDIrQMnY-t3Etju7-aFjcfyUY","method":"GET"} []
[2020-09-08 18:28:45] security.DEBUG: Read existing security token from the session. {"key":"_security_main","token_class":"Symfony\\Component\\Security\\Core\\Authentication\\Token\\UsernamePasswordToken"} []
[2020-09-08 18:28:45] security.DEBUG: User was reloaded from a user provider. {"provider":"PrestaShopBundle\\Security\\Admin\\EmployeeProvider","username":"jeitodecozinha@gmail.com"} []
[2020-09-08 18:28:45] request.CRITICAL: Uncaught PHP Exception Symfony\Component\Debug\Exception\FatalErrorException: "Compile Error: require_once(): Failed opening required '/home/u630514812/domains/jeitodecozinha.com.br/public_html/modules/dashgoals/dashgoals.php' (include_path='/home/u630514812/domains/jeitodecozinha.com.br/public_html/loja/vendor/pear/pear_exception:/home/u630514812/domains/jeitodecozinha.com.br/public_html/loja/vendor/pear/console_getopt:/home/u630514812/domains/jeitodecozinha.com.br/public_html/loja/vendor/pear/pear-core-minimal/src:/home/u630514812/domains/jeitodecozinha.com.br/public_html/loja/vendor/pear/archive_tar:.:/opt/alt/php72/usr/share/pear')" at /home/u630514812/domains/jeitodecozinha.com.br/public_html/loja/src/Adapter/Module/Module.php line 369 {"exception":"[object] (Symfony\\Component\\Debug\\Exception\\FatalErrorException(code: 0): Compile Error: require_once(): Failed opening required '/home/u630514812/domains/jeitodecozinha.com.br/public_html/modules/dashgoals/dashgoals.php' (include_path='/home/u630514812/domains/jeitodecozinha.com.br/public_html/loja/vendor/pear/pear_exception:/home/u630514812/domains/jeitodecozinha.com.br/public_html/loja/vendor/pear/console_getopt:/home/u630514812/domains/jeitodecozinha.com.br/public_html/loja/vendor/pear/pear-core-minimal/src:/home/u630514812/domains/jeitodecozinha.com.br/public_html/loja/vendor/pear/archive_tar:.:/opt/alt/php72/usr/share/pear') at /home/u630514812/domains/jeitodecozinha.com.br/public_html/loja/src/Adapter/Module/Module.php:369)"} []
[2020-09-08 18:28:45] security.DEBUG: Stored the security token in the session. {"key":"_security_main"} []
[2020-09-08 20:46:06] request.INFO: Matched route "admin_module_notification_count". {"route":"admin_module_notification_count","route_parameters":{"_controller":"PrestaShopBundle\\Controller\\Admin\\Improve\\Modules\\AlertsController::notificationsCountAction","_legacy_controller":"AdminModulesNotifications","_legacy_link":"AdminModulesNotifications:count","_route":"admin_module_notification_count"},"request_uri":"https://jeitodecozinha.com.br/loja/admin914u2qbma/index.php/improve/modules/alerts/count?_token=fOJL4wBHfuFlIBv2FQyDIrQMnY-t3Etju7-aFjcfyUY","method":"GET"} []
[2020-09-08 20:46:06] security.DEBUG: Read existing security token from the session. {"key":"_security_main","token_class":"Symfony\\Component\\Security\\Core\\Authentication\\Token\\UsernamePasswordToken"} []
[2020-09-08 20:46:06] security.DEBUG: User was reloaded from a user provider. {"provider":"PrestaShopBundle\\Security\\Admin\\EmployeeProvider","username":"jeitodecozinha@gmail.com"} []
[2020-09-08 20:46:06] request.CRITICAL: Uncaught PHP Exception Symfony\Component\Debug\Exception\FatalErrorException: "Compile Error: require_once(): Failed opening required '/home/u630514812/domains/jeitodecozinha.com.br/public_html/modules/dashgoals/dashgoals.php' (include_path='/home/u630514812/domains/jeitodecozinha.com.br/public_html/loja/vendor/pear/pear_exception:/home/u630514812/domains/jeitodecozinha.com.br/public_html/loja/vendor/pear/console_getopt:/home/u630514812/domains/jeitodecozinha.com.br/public_html/loja/vendor/pear/pear-core-minimal/src:/home/u630514812/domains/jeitodecozinha.com.br/public_html/loja/vendor/pear/archive_tar:.:/opt/alt/php72/usr/share/pear')" at /home/u630514812/domains/jeitodecozinha.com.br/public_html/loja/src/Adapter/Module/Module.php line 369 {"exception":"[object] (Symfony\\Component\\Debug\\Exception\\FatalErrorException(code: 0): Compile Error: require_once(): Failed opening required '/home/u630514812/domains/jeitodecozinha.com.br/public_html/modules/dashgoals/dashgoals.php' (include_path='/home/u630514812/domains/jeitodecozinha.com.br/public_html/loja/vendor/pear/pear_exception:/home/u630514812/domains/jeitodecozinha.com.br/public_html/loja/vendor/pear/console_getopt:/home/u630514812/domains/jeitodecozinha.com.br/public_html/loja/vendor/pear/pear-core-minimal/src:/home/u630514812/domains/jeitodecozinha.com.br/public_html/loja/vendor/pear/archive_tar:.:/opt/alt/php72/usr/share/pear') at /home/u630514812/domains/jeitodecozinha.com.br/public_html/loja/src/Adapter/Module/Module.php:369)"} []
[2020-09-08 20:46:06] security.DEBUG: Stored the security token in the session. {"key":"_security_main"} []
[2020-09-08 20:49:28] request.INFO: Matched route "admin_module_manage_action". {"route":"admin_module_manage_action","route_parameters":{"_controller":"PrestaShopBundle\\Controller\\Admin\\Improve\\ModuleController::moduleAction","action":"install","module_name":"paypal","_route":"admin_module_manage_action"},"request_uri":"https://jeitodecozinha.com.br/loja/admin914u2qbma/index.php/improve/modules/manage/action/install/paypal?_token=fOJL4wBHfuFlIBv2FQyDIrQMnY-t3Etju7-aFjcfyUY","method":"POST"} []
[2020-09-08 20:49:28] security.DEBUG: Read existing security token from the session. {"key":"_security_main","token_class":"Symfony\\Component\\Security\\Core\\Authentication\\Token\\UsernamePasswordToken"} []
[2020-09-08 20:49:28] security.DEBUG: User was reloaded from a user provider. {"provider":"PrestaShopBundle\\Security\\Admin\\EmployeeProvider","username":"jeitodecozinha@gmail.com"} []
[2020-09-08 20:49:50] app.INFO: Protect vendor folder in module paypal [] []
[2020-09-08 20:49:50] app.ERROR: Exceção lançada pelo modulo paypal em install. An exception occurred while executing 'SELECT t0.id_tab AS id_tab_1, t0.id_parent AS id_parent_2, t0.position AS position_3, t0.module AS module_4, t0.class_name AS class_name_5, t0.active AS active_6, t0.hide_host_mode AS hide_host_mode_7, t0.icon AS icon_8 FROM tab t0 WHERE t0.class_name = ? LIMIT 1' with params ["AdminPaypalConfiguration"]:  SQLSTATE[HY000]: General error: 2006 MySQL server has gone away [] []
[2020-09-08 20:49:50] security.DEBUG: Stored the security token in the session. {"key":"_security_main"} []
[2020-09-10 09:00:18] request.INFO: Matched route "admin_module_notification_count". {"route":"admin_module_notification_count","route_parameters":{"_controller":"PrestaShopBundle\\Controller\\Admin\\Improve\\Modules\\AlertsController::notificationsCountAction","_legacy_controller":"AdminModulesNotifications","_legacy_link":"AdminModulesNotifications:count","_route":"admin_module_notification_count"},"request_uri":"https://jeitodecozinha.com.br/loja/admin914u2qbma/index.php/improve/modules/alerts/count?_token=fOJL4wBHfuFlIBv2FQyDIrQMnY-t3Etju7-aFjcfyUY","method":"GET"} []
[2020-09-10 09:00:19] security.DEBUG: Read existing security token from the session. {"key":"_security_main","token_class":"Symfony\\Component\\Security\\Core\\Authentication\\Token\\UsernamePasswordToken"} []
[2020-09-10 09:00:19] security.DEBUG: User was reloaded from a user provider. {"provider":"PrestaShopBundle\\Security\\Admin\\EmployeeProvider","username":"jeitodecozinha@gmail.com"} []
[2020-09-10 09:00:19] request.CRITICAL: Uncaught PHP Exception Symfony\Component\Debug\Exception\FatalErrorException: "Compile Error: require_once(): Failed opening required '/home/u630514812/domains/jeitodecozinha.com.br/public_html/modules/dashgoals/dashgoals.php' (include_path='/home/u630514812/domains/jeitodecozinha.com.br/public_html/loja/vendor/pear/pear_exception:/home/u630514812/domains/jeitodecozinha.com.br/public_html/loja/vendor/pear/console_getopt:/home/u630514812/domains/jeitodecozinha.com.br/public_html/loja/vendor/pear/pear-core-minimal/src:/home/u630514812/domains/jeitodecozinha.com.br/public_html/loja/vendor/pear/archive_tar:.:/opt/alt/php72/usr/share/pear')" at /home/u630514812/domains/jeitodecozinha.com.br/public_html/loja/src/Adapter/Module/Module.php line 369 {"exception":"[object] (Symfony\\Component\\Debug\\Exception\\FatalErrorException(code: 0): Compile Error: require_once(): Failed opening required '/home/u630514812/domains/jeitodecozinha.com.br/public_html/modules/dashgoals/dashgoals.php' (include_path='/home/u630514812/domains/jeitodecozinha.com.br/public_html/loja/vendor/pear/pear_exception:/home/u630514812/domains/jeitodecozinha.com.br/public_html/loja/vendor/pear/console_getopt:/home/u630514812/domains/jeitodecozinha.com.br/public_html/loja/vendor/pear/pear-core-minimal/src:/home/u630514812/domains/jeitodecozinha.com.br/public_html/loja/vendor/pear/archive_tar:.:/opt/alt/php72/usr/share/pear') at /home/u630514812/domains/jeitodecozinha.com.br/public_html/loja/src/Adapter/Module/Module.php:369)"} []
[2020-09-10 09:00:20] security.DEBUG: Stored the security token in the session. {"key":"_security_main"} []
[2020-09-10 09:49:51] request.INFO: Matched route "admin_module_notification_count". {"route":"admin_module_notification_count","route_parameters":{"_controller":"PrestaShopBundle\\Controller\\Admin\\Improve\\Modules\\AlertsController::notificationsCountAction","_legacy_controller":"AdminModulesNotifications","_legacy_link":"AdminModulesNotifications:count","_route":"admin_module_notification_count"},"request_uri":"https://jeitodecozinha.com.br/loja/admin914u2qbma/index.php/improve/modules/alerts/count?_token=fOJL4wBHfuFlIBv2FQyDIrQMnY-t3Etju7-aFjcfyUY","method":"GET"} []
[2020-09-10 09:49:52] security.DEBUG: Read existing security token from the session. {"key":"_security_main","token_class":"Symfony\\Component\\Security\\Core\\Authentication\\Token\\UsernamePasswordToken"} []
[2020-09-10 09:49:52] security.DEBUG: User was reloaded from a user provider. {"provider":"PrestaShopBundle\\Security\\Admin\\EmployeeProvider","username":"jeitodecozinha@gmail.com"} []
[2020-09-10 09:49:52] request.CRITICAL: Uncaught PHP Exception Symfony\Component\Debug\Exception\FatalErrorException: "Compile Error: require_once(): Failed opening required '/home/u630514812/domains/jeitodecozinha.com.br/public_html/modules/dashgoals/dashgoals.php' (include_path='/home/u630514812/domains/jeitodecozinha.com.br/public_html/loja/vendor/pear/pear_exception:/home/u630514812/domains/jeitodecozinha.com.br/public_html/loja/vendor/pear/console_getopt:/home/u630514812/domains/jeitodecozinha.com.br/public_html/loja/vendor/pear/pear-core-minimal/src:/home/u630514812/domains/jeitodecozinha.com.br/public_html/loja/vendor/pear/archive_tar:.:/opt/alt/php72/usr/share/pear')" at /home/u630514812/domains/jeitodecozinha.com.br/public_html/loja/src/Adapter/Module/Module.php line 369 {"exception":"[object] (Symfony\\Component\\Debug\\Exception\\FatalErrorException(code: 0): Compile Error: require_once(): Failed opening required '/home/u630514812/domains/jeitodecozinha.com.br/public_html/modules/dashgoals/dashgoals.php' (include_path='/home/u630514812/domains/jeitodecozinha.com.br/public_html/loja/vendor/pear/pear_exception:/home/u630514812/domains/jeitodecozinha.com.br/public_html/loja/vendor/pear/console_getopt:/home/u630514812/domains/jeitodecozinha.com.br/public_html/loja/vendor/pear/pear-core-minimal/src:/home/u630514812/domains/jeitodecozinha.com.br/public_html/loja/vendor/pear/archive_tar:.:/opt/alt/php72/usr/share/pear') at /home/u630514812/domains/jeitodecozinha.com.br/public_html/loja/src/Adapter/Module/Module.php:369)"} []
[2020-09-10 09:49:52] security.DEBUG: Stored the security token in the session. {"key":"_security_main"} []
[2020-09-10 20:56:45] request.INFO: Matched route "admin_module_notification_count". {"route":"admin_module_notification_count","route_parameters":{"_controller":"PrestaShopBundle\\Controller\\Admin\\Improve\\Modules\\AlertsController::notificationsCountAction","_legacy_controller":"AdminModulesNotifications","_legacy_link":"AdminModulesNotifications:count","_route":"admin_module_notification_count"},"request_uri":"http://jeitodecozinha.com.br/loja/admin914u2qbma/index.php/improve/modules/alerts/count?_token=JcgSMf4wnuutyv4qI2EKfJ75rL-AI29VpyHCzdLMU40","method":"GET"} []
[2020-09-10 20:56:45] security.DEBUG: Read existing security token from the session. {"key":"_security_main","token_class":"Symfony\\Component\\Security\\Core\\Authentication\\Token\\UsernamePasswordToken"} []
[2020-09-10 20:56:45] security.DEBUG: User was reloaded from a user provider. {"provider":"PrestaShopBundle\\Security\\Admin\\EmployeeProvider","username":"jeitodecozinha@gmail.com"} []
[2020-09-10 20:56:45] request.CRITICAL: Uncaught PHP Exception Symfony\Component\Debug\Exception\FatalErrorException: "Compile Error: require_once(): Failed opening required '/home/u630514812/domains/jeitodecozinha.com.br/public_html/modules/dashgoals/dashgoals.php' (include_path='/home/u630514812/domains/jeitodecozinha.com.br/public_html/loja/vendor/pear/pear_exception:/home/u630514812/domains/jeitodecozinha.com.br/public_html/loja/vendor/pear/console_getopt:/home/u630514812/domains/jeitodecozinha.com.br/public_html/loja/vendor/pear/pear-core-minimal/src:/home/u630514812/domains/jeitodecozinha.com.br/public_html/loja/vendor/pear/archive_tar:.:/opt/alt/php72/usr/share/pear')" at /home/u630514812/domains/jeitodecozinha.com.br/public_html/loja/src/Adapter/Module/Module.php line 369 {"exception":"[object] (Symfony\\Component\\Debug\\Exception\\FatalErrorException(code: 0): Compile Error: require_once(): Failed opening required '/home/u630514812/domains/jeitodecozinha.com.br/public_html/modules/dashgoals/dashgoals.php' (include_path='/home/u630514812/domains/jeitodecozinha.com.br/public_html/loja/vendor/pear/pear_exception:/home/u630514812/domains/jeitodecozinha.com.br/public_html/loja/vendor/pear/console_getopt:/home/u630514812/domains/jeitodecozinha.com.br/public_html/loja/vendor/pear/pear-core-minimal/src:/home/u630514812/domains/jeitodecozinha.com.br/public_html/loja/vendor/pear/archive_tar:.:/opt/alt/php72/usr/share/pear') at /home/u630514812/domains/jeitodecozinha.com.br/public_html/loja/src/Adapter/Module/Module.php:369)"} []
[2020-09-10 20:56:45] security.DEBUG: Stored the security token in the session. {"key":"_security_main"} []
[2020-09-10 21:07:26] request.INFO: Matched route "admin_module_notification_count". {"route":"admin_module_notification_count","route_parameters":{"_controller":"PrestaShopBundle\\Controller\\Admin\\Improve\\Modules\\AlertsController::notificationsCountAction","_legacy_controller":"AdminModulesNotifications","_legacy_link":"AdminModulesNotifications:count","_route":"admin_module_notification_count"},"request_uri":"http://jeitodecozinha.com.br/loja/admin914u2qbma/index.php/improve/modules/alerts/count?_token=JcgSMf4wnuutyv4qI2EKfJ75rL-AI29VpyHCzdLMU40","method":"GET"} []
[2020-09-10 21:07:26] security.DEBUG: Read existing security token from the session. {"key":"_security_main","token_class":"Symfony\\Component\\Security\\Core\\Authentication\\Token\\UsernamePasswordToken"} []
[2020-09-10 21:07:26] security.DEBUG: User was reloaded from a user provider. {"provider":"PrestaShopBundle\\Security\\Admin\\EmployeeProvider","username":"jeitodecozinha@gmail.com"} []
[2020-09-10 21:07:27] request.CRITICAL: Uncaught PHP Exception Symfony\Component\Debug\Exception\FatalErrorException: "Compile Error: require_once(): Failed opening required '/home/u630514812/domains/jeitodecozinha.com.br/public_html/modules/dashgoals/dashgoals.php' (include_path='/home/u630514812/domains/jeitodecozinha.com.br/public_html/loja/vendor/pear/pear_exception:/home/u630514812/domains/jeitodecozinha.com.br/public_html/loja/vendor/pear/console_getopt:/home/u630514812/domains/jeitodecozinha.com.br/public_html/loja/vendor/pear/pear-core-minimal/src:/home/u630514812/domains/jeitodecozinha.com.br/public_html/loja/vendor/pear/archive_tar:.:/opt/alt/php72/usr/share/pear')" at /home/u630514812/domains/jeitodecozinha.com.br/public_html/loja/src/Adapter/Module/Module.php line 369 {"exception":"[object] (Symfony\\Component\\Debug\\Exception\\FatalErrorException(code: 0): Compile Error: require_once(): Failed opening required '/home/u630514812/domains/jeitodecozinha.com.br/public_html/modules/dashgoals/dashgoals.php' (include_path='/home/u630514812/domains/jeitodecozinha.com.br/public_html/loja/vendor/pear/pear_exception:/home/u630514812/domains/jeitodecozinha.com.br/public_html/loja/vendor/pear/console_getopt:/home/u630514812/domains/jeitodecozinha.com.br/public_html/loja/vendor/pear/pear-core-minimal/src:/home/u630514812/domains/jeitodecozinha.com.br/public_html/loja/vendor/pear/archive_tar:.:/opt/alt/php72/usr/share/pear') at /home/u630514812/domains/jeitodecozinha.com.br/public_html/loja/src/Adapter/Module/Module.php:369)"} []
[2020-09-10 21:07:27] security.DEBUG: Stored the security token in the session. {"key":"_security_main"} []
[2020-09-10 21:07:36] request.INFO: Matched route "admin_payment_preferences". {"route":"admin_payment_preferences","route_parameters":{"_legacy_controller":"AdminPaymentPreferences","_legacy_link":"AdminPaymentPreferences","_controller":"PrestaShopBundle\\Controller\\Admin\\Improve\\Payment\\PaymentPreferencesController::indexAction","_route":"admin_payment_preferences"},"request_uri":"http://jeitodecozinha.com.br/loja/admin914u2qbma/index.php/improve/payment/preferences?_token=JcgSMf4wnuutyv4qI2EKfJ75rL-AI29VpyHCzdLMU40","method":"GET"} []
[2020-09-10 21:07:36] security.DEBUG: Read existing security token from the session. {"key":"_security_main","token_class":"Symfony\\Component\\Security\\Core\\Authentication\\Token\\UsernamePasswordToken"} []
[2020-09-10 21:07:36] security.DEBUG: User was reloaded from a user provider. {"provider":"PrestaShopBundle\\Security\\Admin\\EmployeeProvider","username":"jeitodecozinha@gmail.com"} []
[2020-09-10 21:07:40] request.CRITICAL: Uncaught PHP Exception Symfony\Component\Debug\Exception\FatalErrorException: "Compile Error: require_once(): Failed opening required '/home/u630514812/domains/jeitodecozinha.com.br/public_html/modules/ps_checkpayment/ps_checkpayment.php' (include_path='/home/u630514812/domains/jeitodecozinha.com.br/public_html/loja/vendor/pear/pear_exception:/home/u630514812/domains/jeitodecozinha.com.br/public_html/loja/vendor/pear/console_getopt:/home/u630514812/domains/jeitodecozinha.com.br/public_html/loja/vendor/pear/pear-core-minimal/src:/home/u630514812/domains/jeitodecozinha.com.br/public_html/loja/vendor/pear/archive_tar:.:/opt/alt/php72/usr/share/pear')" at /home/u630514812/domains/jeitodecozinha.com.br/public_html/loja/src/Adapter/Module/Module.php line 369 {"exception":"[object] (Symfony\\Component\\Debug\\Exception\\FatalErrorException(code: 0): Compile Error: require_once(): Failed opening required '/home/u630514812/domains/jeitodecozinha.com.br/public_html/modules/ps_checkpayment/ps_checkpayment.php' (include_path='/home/u630514812/domains/jeitodecozinha.com.br/public_html/loja/vendor/pear/pear_exception:/home/u630514812/domains/jeitodecozinha.com.br/public_html/loja/vendor/pear/console_getopt:/home/u630514812/domains/jeitodecozinha.com.br/public_html/loja/vendor/pear/pear-core-minimal/src:/home/u630514812/domains/jeitodecozinha.com.br/public_html/loja/vendor/pear/archive_tar:.:/opt/alt/php72/usr/share/pear') at /home/u630514812/domains/jeitodecozinha.com.br/public_html/loja/src/Adapter/Module/Module.php:369)"} []
[2020-09-10 21:07:40] security.DEBUG: Stored the security token in the session. {"key":"_security_main"} []
[2020-09-10 21:07:44] request.INFO: Matched route "admin_module_notification_count". {"route":"admin_module_notification_count","route_parameters":{"_controller":"PrestaShopBundle\\Controller\\Admin\\Improve\\Modules\\AlertsController::notificationsCountAction","_legacy_controller":"AdminModulesNotifications","_legacy_link":"AdminModulesNotifications:count","_route":"admin_module_notification_count"},"request_uri":"http://jeitodecozinha.com.br/loja/admin914u2qbma/index.php/improve/modules/alerts/count?_token=JcgSMf4wnuutyv4qI2EKfJ75rL-AI29VpyHCzdLMU40","method":"GET"} []
[2020-09-10 21:07:45] security.DEBUG: Read existing security token from the session. {"key":"_security_main","token_class":"Symfony\\Component\\Security\\Core\\Authentication\\Token\\UsernamePasswordToken"} []
[2020-09-10 21:07:45] security.DEBUG: User was reloaded from a user provider. {"provider":"PrestaShopBundle\\Security\\Admin\\EmployeeProvider","username":"jeitodecozinha@gmail.com"} []
[2020-09-10 21:07:45] request.CRITICAL: Uncaught PHP Exception Symfony\Component\Debug\Exception\FatalErrorException: "Compile Error: require_once(): Failed opening required '/home/u630514812/domains/jeitodecozinha.com.br/public_html/modules/dashgoals/dashgoals.php' (include_path='/home/u630514812/domains/jeitodecozinha.com.br/public_html/loja/vendor/pear/pear_exception:/home/u630514812/domains/jeitodecozinha.com.br/public_html/loja/vendor/pear/console_getopt:/home/u630514812/domains/jeitodecozinha.com.br/public_html/loja/vendor/pear/pear-core-minimal/src:/home/u630514812/domains/jeitodecozinha.com.br/public_html/loja/vendor/pear/archive_tar:.:/opt/alt/php72/usr/share/pear')" at /home/u630514812/domains/jeitodecozinha.com.br/public_html/loja/src/Adapter/Module/Module.php line 369 {"exception":"[object] (Symfony\\Component\\Debug\\Exception\\FatalErrorException(code: 0): Compile Error: require_once(): Failed opening required '/home/u630514812/domains/jeitodecozinha.com.br/public_html/modules/dashgoals/dashgoals.php' (include_path='/home/u630514812/domains/jeitodecozinha.com.br/public_html/loja/vendor/pear/pear_exception:/home/u630514812/domains/jeitodecozinha.com.br/public_html/loja/vendor/pear/console_getopt:/home/u630514812/domains/jeitodecozinha.com.br/public_html/loja/vendor/pear/pear-core-minimal/src:/home/u630514812/domains/jeitodecozinha.com.br/public_html/loja/vendor/pear/archive_tar:.:/opt/alt/php72/usr/share/pear') at /home/u630514812/domains/jeitodecozinha.com.br/public_html/loja/src/Adapter/Module/Module.php:369)"} []
[2020-09-10 21:07:45] security.DEBUG: Stored the security token in the session. {"key":"_security_main"} []
[2020-09-10 21:08:48] request.INFO: Matched route "admin_module_notification_count". {"route":"admin_module_notification_count","route_parameters":{"_controller":"PrestaShopBundle\\Controller\\Admin\\Improve\\Modules\\AlertsController::notificationsCountAction","_legacy_controller":"AdminModulesNotifications","_legacy_link":"AdminModulesNotifications:count","_route":"admin_module_notification_count"},"request_uri":"http://jeitodecozinha.com.br/loja/admin914u2qbma/index.php/improve/modules/alerts/count?_token=JcgSMf4wnuutyv4qI2EKfJ75rL-AI29VpyHCzdLMU40","method":"GET"} []
[2020-09-10 21:08:48] security.DEBUG: Read existing security token from the session. {"key":"_security_main","token_class":"Symfony\\Component\\Security\\Core\\Authentication\\Token\\UsernamePasswordToken"} []
[2020-09-10 21:08:48] security.DEBUG: User was reloaded from a user provider. {"provider":"PrestaShopBundle\\Security\\Admin\\EmployeeProvider","username":"jeitodecozinha@gmail.com"} []
[2020-09-10 21:08:48] request.CRITICAL: Uncaught PHP Exception Symfony\Component\Debug\Exception\FatalErrorException: "Compile Error: require_once(): Failed opening required '/home/u630514812/domains/jeitodecozinha.com.br/public_html/modules/dashgoals/dashgoals.php' (include_path='/home/u630514812/domains/jeitodecozinha.com.br/public_html/loja/vendor/pear/pear_exception:/home/u630514812/domains/jeitodecozinha.com.br/public_html/loja/vendor/pear/console_getopt:/home/u630514812/domains/jeitodecozinha.com.br/public_html/loja/vendor/pear/pear-core-minimal/src:/home/u630514812/domains/jeitodecozinha.com.br/public_html/loja/vendor/pear/archive_tar:.:/opt/alt/php72/usr/share/pear')" at /home/u630514812/domains/jeitodecozinha.com.br/public_html/loja/src/Adapter/Module/Module.php line 369 {"exception":"[object] (Symfony\\Component\\Debug\\Exception\\FatalErrorException(code: 0): Compile Error: require_once(): Failed opening required '/home/u630514812/domains/jeitodecozinha.com.br/public_html/modules/dashgoals/dashgoals.php' (include_path='/home/u630514812/domains/jeitodecozinha.com.br/public_html/loja/vendor/pear/pear_exception:/home/u630514812/domains/jeitodecozinha.com.br/public_html/loja/vendor/pear/console_getopt:/home/u630514812/domains/jeitodecozinha.com.br/public_html/loja/vendor/pear/pear-core-minimal/src:/home/u630514812/domains/jeitodecozinha.com.br/public_html/loja/vendor/pear/archive_tar:.:/opt/alt/php72/usr/share/pear') at /home/u630514812/domains/jeitodecozinha.com.br/public_html/loja/src/Adapter/Module/Module.php:369)"} []
[2020-09-10 21:08:48] security.DEBUG: Stored the security token in the session. {"key":"_security_main"} []
[2020-09-10 21:08:48] request.INFO: Matched route "admin_module_notification". {"route":"admin_module_notification","route_parameters":{"_controller":"PrestaShopBundle\\Controller\\Admin\\Improve\\Modules\\AlertsController::indexAction","_legacy_controller":"AdminModulesNotifications","_legacy_link":"AdminModulesNotifications","_route":"admin_module_notification"},"request_uri":"http://jeitodecozinha.com.br/loja/admin914u2qbma/index.php/improve/modules/alerts?_token=JcgSMf4wnuutyv4qI2EKfJ75rL-AI29VpyHCzdLMU40","method":"GET"} []
[2020-09-10 21:08:48] security.DEBUG: Read existing security token from the session. {"key":"_security_main","token_class":"Symfony\\Component\\Security\\Core\\Authentication\\Token\\UsernamePasswordToken"} []
[2020-09-10 21:08:48] security.DEBUG: User was reloaded from a user provider. {"provider":"PrestaShopBundle\\Security\\Admin\\EmployeeProvider","username":"jeitodecozinha@gmail.com"} []
[2020-09-10 21:08:48] request.CRITICAL: Uncaught PHP Exception Symfony\Component\Debug\Exception\FatalErrorException: "Compile Error: require_once(): Failed opening required '/home/u630514812/domains/jeitodecozinha.com.br/public_html/modules/dashgoals/dashgoals.php' (include_path='/home/u630514812/domains/jeitodecozinha.com.br/public_html/loja/vendor/pear/pear_exception:/home/u630514812/domains/jeitodecozinha.com.br/public_html/loja/vendor/pear/console_getopt:/home/u630514812/domains/jeitodecozinha.com.br/public_html/loja/vendor/pear/pear-core-minimal/src:/home/u630514812/domains/jeitodecozinha.com.br/public_html/loja/vendor/pear/archive_tar:.:/opt/alt/php72/usr/share/pear')" at /home/u630514812/domains/jeitodecozinha.com.br/public_html/loja/src/Adapter/Module/Module.php line 369 {"exception":"[object] (Symfony\\Component\\Debug\\Exception\\FatalErrorException(code: 0): Compile Error: require_once(): Failed opening required '/home/u630514812/domains/jeitodecozinha.com.br/public_html/modules/dashgoals/dashgoals.php' (include_path='/home/u630514812/domains/jeitodecozinha.com.br/public_html/loja/vendor/pear/pear_exception:/home/u630514812/domains/jeitodecozinha.com.br/public_html/loja/vendor/pear/console_getopt:/home/u630514812/domains/jeitodecozinha.com.br/public_html/loja/vendor/pear/pear-core-minimal/src:/home/u630514812/domains/jeitodecozinha.com.br/public_html/loja/vendor/pear/archive_tar:.:/opt/alt/php72/usr/share/pear') at /home/u630514812/domains/jeitodecozinha.com.br/public_html/loja/src/Adapter/Module/Module.php:369)"} []
[2020-09-10 21:08:48] security.DEBUG: Stored the security token in the session. {"key":"_security_main"} []
[2020-09-10 21:08:53] request.INFO: Matched route "admin_module_notification_count". {"route":"admin_module_notification_count","route_parameters":{"_controller":"PrestaShopBundle\\Controller\\Admin\\Improve\\Modules\\AlertsController::notificationsCountAction","_legacy_controller":"AdminModulesNotifications","_legacy_link":"AdminModulesNotifications:count","_route":"admin_module_notification_count"},"request_uri":"http://jeitodecozinha.com.br/loja/admin914u2qbma/index.php/improve/modules/alerts/count?_token=JcgSMf4wnuutyv4qI2EKfJ75rL-AI29VpyHCzdLMU40","method":"GET"} []
[2020-09-10 21:08:53] security.DEBUG: Read existing security token from the session. {"key":"_security_main","token_class":"Symfony\\Component\\Security\\Core\\Authentication\\Token\\UsernamePasswordToken"} []
[2020-09-10 21:08:53] security.DEBUG: User was reloaded from a user provider. {"provider":"PrestaShopBundle\\Security\\Admin\\EmployeeProvider","username":"jeitodecozinha@gmail.com"} []
[2020-09-10 21:08:53] request.CRITICAL: Uncaught PHP Exception Symfony\Component\Debug\Exception\FatalErrorException: "Compile Error: require_once(): Failed opening required '/home/u630514812/domains/jeitodecozinha.com.br/public_html/modules/dashgoals/dashgoals.php' (include_path='/home/u630514812/domains/jeitodecozinha.com.br/public_html/loja/vendor/pear/pear_exception:/home/u630514812/domains/jeitodecozinha.com.br/public_html/loja/vendor/pear/console_getopt:/home/u630514812/domains/jeitodecozinha.com.br/public_html/loja/vendor/pear/pear-core-minimal/src:/home/u630514812/domains/jeitodecozinha.com.br/public_html/loja/vendor/pear/archive_tar:.:/opt/alt/php72/usr/share/pear')" at /home/u630514812/domains/jeitodecozinha.com.br/public_html/loja/src/Adapter/Module/Module.php line 369 {"exception":"[object] (Symfony\\Component\\Debug\\Exception\\FatalErrorException(code: 0): Compile Error: require_once(): Failed opening required '/home/u630514812/domains/jeitodecozinha.com.br/public_html/modules/dashgoals/dashgoals.php' (include_path='/home/u630514812/domains/jeitodecozinha.com.br/public_html/loja/vendor/pear/pear_exception:/home/u630514812/domains/jeitodecozinha.com.br/public_html/loja/vendor/pear/console_getopt:/home/u630514812/domains/jeitodecozinha.com.br/public_html/loja/vendor/pear/pear-core-minimal/src:/home/u630514812/domains/jeitodecozinha.com.br/public_html/loja/vendor/pear/archive_tar:.:/opt/alt/php72/usr/share/pear') at /home/u630514812/domains/jeitodecozinha.com.br/public_html/loja/src/Adapter/Module/Module.php:369)"} []
[2020-09-10 21:08:54] security.DEBUG: Stored the security token in the session. {"key":"_security_main"} []
[2020-09-10 21:08:54] request.INFO: Matched route "admin_module_updates". {"route":"admin_module_updates","route_parameters":{"_controller":"PrestaShopBundle\\Controller\\Admin\\Improve\\Modules\\UpdatesController::indexAction","_legacy_controller":"AdminModulesUpdates","_legacy_link":"AdminModulesUpdates","_route":"admin_module_updates"},"request_uri":"http://jeitodecozinha.com.br/loja/admin914u2qbma/index.php/improve/modules/updates?_token=JcgSMf4wnuutyv4qI2EKfJ75rL-AI29VpyHCzdLMU40","method":"GET"} []
[2020-09-10 21:08:54] security.DEBUG: Read existing security token from the session. {"key":"_security_main","token_class":"Symfony\\Component\\Security\\Core\\Authentication\\Token\\UsernamePasswordToken"} []
[2020-09-10 21:08:54] security.DEBUG: User was reloaded from a user provider. {"provider":"PrestaShopBundle\\Security\\Admin\\EmployeeProvider","username":"jeitodecozinha@gmail.com"} []
[2020-09-10 21:08:54] request.CRITICAL: Uncaught PHP Exception Symfony\Component\Debug\Exception\FatalErrorException: "Compile Error: require_once(): Failed opening required '/home/u630514812/domains/jeitodecozinha.com.br/public_html/modules/dashgoals/dashgoals.php' (include_path='/home/u630514812/domains/jeitodecozinha.com.br/public_html/loja/vendor/pear/pear_exception:/home/u630514812/domains/jeitodecozinha.com.br/public_html/loja/vendor/pear/console_getopt:/home/u630514812/domains/jeitodecozinha.com.br/public_html/loja/vendor/pear/pear-core-minimal/src:/home/u630514812/domains/jeitodecozinha.com.br/public_html/loja/vendor/pear/archive_tar:.:/opt/alt/php72/usr/share/pear')" at /home/u630514812/domains/jeitodecozinha.com.br/public_html/loja/src/Adapter/Module/Module.php line 369 {"exception":"[object] (Symfony\\Component\\Debug\\Exception\\FatalErrorException(code: 0): Compile Error: require_once(): Failed opening required '/home/u630514812/domains/jeitodecozinha.com.br/public_html/modules/dashgoals/dashgoals.php' (include_path='/home/u630514812/domains/jeitodecozinha.com.br/public_html/loja/vendor/pear/pear_exception:/home/u630514812/domains/jeitodecozinha.com.br/public_html/loja/vendor/pear/console_getopt:/home/u630514812/domains/jeitodecozinha.com.br/public_html/loja/vendor/pear/pear-core-minimal/src:/home/u630514812/domains/jeitodecozinha.com.br/public_html/loja/vendor/pear/archive_tar:.:/opt/alt/php72/usr/share/pear') at /home/u630514812/domains/jeitodecozinha.com.br/public_html/loja/src/Adapter/Module/Module.php:369)"} []
[2020-09-10 21:08:54] security.DEBUG: Stored the security token in the session. {"key":"_security_main"} []
[2020-09-10 21:08:58] request.INFO: Matched route "admin_module_notification_count". {"route":"admin_module_notification_count","route_parameters":{"_controller":"PrestaShopBundle\\Controller\\Admin\\Improve\\Modules\\AlertsController::notificationsCountAction","_legacy_controller":"AdminModulesNotifications","_legacy_link":"AdminModulesNotifications:count","_route":"admin_module_notification_count"},"request_uri":"http://jeitodecozinha.com.br/loja/admin914u2qbma/index.php/improve/modules/alerts/count?_token=JcgSMf4wnuutyv4qI2EKfJ75rL-AI29VpyHCzdLMU40","method":"GET"} []
[2020-09-10 21:08:58] security.DEBUG: Read existing security token from the session. {"key":"_security_main","token_class":"Symfony\\Component\\Security\\Core\\Authentication\\Token\\UsernamePasswordToken"} []
[2020-09-10 21:08:58] security.DEBUG: User was reloaded from a user provider. {"provider":"PrestaShopBundle\\Security\\Admin\\EmployeeProvider","username":"jeitodecozinha@gmail.com"} []
[2020-09-10 21:08:58] request.CRITICAL: Uncaught PHP Exception Symfony\Component\Debug\Exception\FatalErrorException: "Compile Error: require_once(): Failed opening required '/home/u630514812/domains/jeitodecozinha.com.br/public_html/modules/dashgoals/dashgoals.php' (include_path='/home/u630514812/domains/jeitodecozinha.com.br/public_html/loja/vendor/pear/pear_exception:/home/u630514812/domains/jeitodecozinha.com.br/public_html/loja/vendor/pear/console_getopt:/home/u630514812/domains/jeitodecozinha.com.br/public_html/loja/vendor/pear/pear-core-minimal/src:/home/u630514812/domains/jeitodecozinha.com.br/public_html/loja/vendor/pear/archive_tar:.:/opt/alt/php72/usr/share/pear')" at /home/u630514812/domains/jeitodecozinha.com.br/public_html/loja/src/Adapter/Module/Module.php line 369 {"exception":"[object] (Symfony\\Component\\Debug\\Exception\\FatalErrorException(code: 0): Compile Error: require_once(): Failed opening required '/home/u630514812/domains/jeitodecozinha.com.br/public_html/modules/dashgoals/dashgoals.php' (include_path='/home/u630514812/domains/jeitodecozinha.com.br/public_html/loja/vendor/pear/pear_exception:/home/u630514812/domains/jeitodecozinha.com.br/public_html/loja/vendor/pear/console_getopt:/home/u630514812/domains/jeitodecozinha.com.br/public_html/loja/vendor/pear/pear-core-minimal/src:/home/u630514812/domains/jeitodecozinha.com.br/public_html/loja/vendor/pear/archive_tar:.:/opt/alt/php72/usr/share/pear') at /home/u630514812/domains/jeitodecozinha.com.br/public_html/loja/src/Adapter/Module/Module.php:369)"} []
[2020-09-10 21:08:58] security.DEBUG: Stored the security token in the session. {"key":"_security_main"} []
[2020-09-10 21:10:09] request.INFO: Matched route "admin_module_manage_action". {"route":"admin_module_manage_action","route_parameters":{"_controller":"PrestaShopBundle\\Controller\\Admin\\Improve\\ModuleController::moduleAction","action":"disable","module_name":"ps_checkpayment","_route":"admin_module_manage_action"},"request_uri":"http://jeitodecozinha.com.br/loja/admin914u2qbma/index.php/improve/modules/manage/action/disable/ps_checkpayment?_token=JcgSMf4wnuutyv4qI2EKfJ75rL-AI29VpyHCzdLMU40","method":"POST"} []
[2020-09-10 21:10:09] security.DEBUG: Read existing security token from the session. {"key":"_security_main","token_class":"Symfony\\Component\\Security\\Core\\Authentication\\Token\\UsernamePasswordToken"} []
[2020-09-10 21:10:09] security.DEBUG: User was reloaded from a user provider. {"provider":"PrestaShopBundle\\Security\\Admin\\EmployeeProvider","username":"jeitodecozinha@gmail.com"} []
[2020-09-10 21:10:09] request.CRITICAL: Uncaught PHP Exception Symfony\Component\Debug\Exception\FatalErrorException: "Compile Error: require_once(): Failed opening required '/home/u630514812/domains/jeitodecozinha.com.br/public_html/modules/ps_checkpayment/ps_checkpayment.php' (include_path='/home/u630514812/domains/jeitodecozinha.com.br/public_html/loja/vendor/pear/pear_exception:/home/u630514812/domains/jeitodecozinha.com.br/public_html/loja/vendor/pear/console_getopt:/home/u630514812/domains/jeitodecozinha.com.br/public_html/loja/vendor/pear/pear-core-minimal/src:/home/u630514812/domains/jeitodecozinha.com.br/public_html/loja/vendor/pear/archive_tar:.:/opt/alt/php72/usr/share/pear')" at /home/u630514812/domains/jeitodecozinha.com.br/public_html/loja/src/Adapter/Module/Module.php line 369 {"exception":"[object] (Symfony\\Component\\Debug\\Exception\\FatalErrorException(code: 0): Compile Error: require_once(): Failed opening required '/home/u630514812/domains/jeitodecozinha.com.br/public_html/modules/ps_checkpayment/ps_checkpayment.php' (include_path='/home/u630514812/domains/jeitodecozinha.com.br/public_html/loja/vendor/pear/pear_exception:/home/u630514812/domains/jeitodecozinha.com.br/public_html/loja/vendor/pear/console_getopt:/home/u630514812/domains/jeitodecozinha.com.br/public_html/loja/vendor/pear/pear-core-minimal/src:/home/u630514812/domains/jeitodecozinha.com.br/public_html/loja/vendor/pear/archive_tar:.:/opt/alt/php72/usr/share/pear') at /home/u630514812/domains/jeitodecozinha.com.br/public_html/loja/src/Adapter/Module/Module.php:369)"} []
[2020-09-10 21:10:09] security.DEBUG: Stored the security token in the session. {"key":"_security_main"} []
[2020-09-10 21:11:48] request.INFO: Matched route "admin_module_manage_action". {"route":"admin_module_manage_action","route_parameters":{"_controller":"PrestaShopBundle\\Controller\\Admin\\Improve\\ModuleController::moduleAction","action":"disable","module_name":"ps_checkpayment","_route":"admin_module_manage_action"},"request_uri":"http://jeitodecozinha.com.br/loja/admin914u2qbma/index.php/improve/modules/manage/action/disable/ps_checkpayment?_token=JcgSMf4wnuutyv4qI2EKfJ75rL-AI29VpyHCzdLMU40","method":"POST"} []
[2020-09-10 21:11:48] security.DEBUG: Read existing security token from the session. {"key":"_security_main","token_class":"Symfony\\Component\\Security\\Core\\Authentication\\Token\\UsernamePasswordToken"} []
[2020-09-10 21:11:48] security.DEBUG: User was reloaded from a user provider. {"provider":"PrestaShopBundle\\Security\\Admin\\EmployeeProvider","username":"jeitodecozinha@gmail.com"} []
[2020-09-10 21:11:48] request.CRITICAL: Uncaught PHP Exception Symfony\Component\Debug\Exception\FatalErrorException: "Compile Error: require_once(): Failed opening required '/home/u630514812/domains/jeitodecozinha.com.br/public_html/modules/ps_checkpayment/ps_checkpayment.php' (include_path='/home/u630514812/domains/jeitodecozinha.com.br/public_html/loja/vendor/pear/pear_exception:/home/u630514812/domains/jeitodecozinha.com.br/public_html/loja/vendor/pear/console_getopt:/home/u630514812/domains/jeitodecozinha.com.br/public_html/loja/vendor/pear/pear-core-minimal/src:/home/u630514812/domains/jeitodecozinha.com.br/public_html/loja/vendor/pear/archive_tar:.:/opt/alt/php72/usr/share/pear')" at /home/u630514812/domains/jeitodecozinha.com.br/public_html/loja/src/Adapter/Module/Module.php line 369 {"exception":"[object] (Symfony\\Component\\Debug\\Exception\\FatalErrorException(code: 0): Compile Error: require_once(): Failed opening required '/home/u630514812/domains/jeitodecozinha.com.br/public_html/modules/ps_checkpayment/ps_checkpayment.php' (include_path='/home/u630514812/domains/jeitodecozinha.com.br/public_html/loja/vendor/pear/pear_exception:/home/u630514812/domains/jeitodecozinha.com.br/public_html/loja/vendor/pear/console_getopt:/home/u630514812/domains/jeitodecozinha.com.br/public_html/loja/vendor/pear/pear-core-minimal/src:/home/u630514812/domains/jeitodecozinha.com.br/public_html/loja/vendor/pear/archive_tar:.:/opt/alt/php72/usr/share/pear') at /home/u630514812/domains/jeitodecozinha.com.br/public_html/loja/src/Adapter/Module/Module.php:369)"} []
[2020-09-10 21:11:48] security.DEBUG: Stored the security token in the session. {"key":"_security_main"} []
[2020-09-10 21:11:52] request.INFO: Matched route "admin_module_manage_action". {"route":"admin_module_manage_action","route_parameters":{"_controller":"PrestaShopBundle\\Controller\\Admin\\Improve\\ModuleController::moduleAction","action":"disable","module_name":"ps_checkpayment","_route":"admin_module_manage_action"},"request_uri":"http://jeitodecozinha.com.br/loja/admin914u2qbma/index.php/improve/modules/manage/action/disable/ps_checkpayment?_token=JcgSMf4wnuutyv4qI2EKfJ75rL-AI29VpyHCzdLMU40","method":"POST"} []
[2020-09-10 21:11:52] security.DEBUG: Read existing security token from the session. {"key":"_security_main","token_class":"Symfony\\Component\\Security\\Core\\Authentication\\Token\\UsernamePasswordToken"} []
[2020-09-10 21:11:52] security.DEBUG: User was reloaded from a user provider. {"provider":"PrestaShopBundle\\Security\\Admin\\EmployeeProvider","username":"jeitodecozinha@gmail.com"} []
[2020-09-10 21:11:52] request.CRITICAL: Uncaught PHP Exception Symfony\Component\Debug\Exception\FatalErrorException: "Compile Error: require_once(): Failed opening required '/home/u630514812/domains/jeitodecozinha.com.br/public_html/modules/ps_checkpayment/ps_checkpayment.php' (include_path='/home/u630514812/domains/jeitodecozinha.com.br/public_html/loja/vendor/pear/pear_exception:/home/u630514812/domains/jeitodecozinha.com.br/public_html/loja/vendor/pear/console_getopt:/home/u630514812/domains/jeitodecozinha.com.br/public_html/loja/vendor/pear/pear-core-minimal/src:/home/u630514812/domains/jeitodecozinha.com.br/public_html/loja/vendor/pear/archive_tar:.:/opt/alt/php72/usr/share/pear')" at /home/u630514812/domains/jeitodecozinha.com.br/public_html/loja/src/Adapter/Module/Module.php line 369 {"exception":"[object] (Symfony\\Component\\Debug\\Exception\\FatalErrorException(code: 0): Compile Error: require_once(): Failed opening required '/home/u630514812/domains/jeitodecozinha.com.br/public_html/modules/ps_checkpayment/ps_checkpayment.php' (include_path='/home/u630514812/domains/jeitodecozinha.com.br/public_html/loja/vendor/pear/pear_exception:/home/u630514812/domains/jeitodecozinha.com.br/public_html/loja/vendor/pear/console_getopt:/home/u630514812/domains/jeitodecozinha.com.br/public_html/loja/vendor/pear/pear-core-minimal/src:/home/u630514812/domains/jeitodecozinha.com.br/public_html/loja/vendor/pear/archive_tar:.:/opt/alt/php72/usr/share/pear') at /home/u630514812/domains/jeitodecozinha.com.br/public_html/loja/src/Adapter/Module/Module.php:369)"} []
[2020-09-10 21:11:52] security.DEBUG: Stored the security token in the session. {"key":"_security_main"} []
[2020-09-10 21:12:06] request.INFO: Matched route "admin_module_manage_action". {"route":"admin_module_manage_action","route_parameters":{"_controller":"PrestaShopBundle\\Controller\\Admin\\Improve\\ModuleController::moduleAction","action":"uninstall","module_name":"ps_checkpayment","_route":"admin_module_manage_action"},"request_uri":"http://jeitodecozinha.com.br/loja/admin914u2qbma/index.php/improve/modules/manage/action/uninstall/ps_checkpayment?_token=JcgSMf4wnuutyv4qI2EKfJ75rL-AI29VpyHCzdLMU40","method":"POST"} []
[2020-09-10 21:12:06] security.DEBUG: Read existing security token from the session. {"key":"_security_main","token_class":"Symfony\\Component\\Security\\Core\\Authentication\\Token\\UsernamePasswordToken"} []
[2020-09-10 21:12:06] security.DEBUG: User was reloaded from a user provider. {"provider":"PrestaShopBundle\\Security\\Admin\\EmployeeProvider","username":"jeitodecozinha@gmail.com"} []
[2020-09-10 21:12:06] request.CRITICAL: Uncaught PHP Exception Symfony\Component\Debug\Exception\FatalErrorException: "Compile Error: require_once(): Failed opening required '/home/u630514812/domains/jeitodecozinha.com.br/public_html/modules/ps_checkpayment/ps_checkpayment.php' (include_path='/home/u630514812/domains/jeitodecozinha.com.br/public_html/loja/vendor/pear/pear_exception:/home/u630514812/domains/jeitodecozinha.com.br/public_html/loja/vendor/pear/console_getopt:/home/u630514812/domains/jeitodecozinha.com.br/public_html/loja/vendor/pear/pear-core-minimal/src:/home/u630514812/domains/jeitodecozinha.com.br/public_html/loja/vendor/pear/archive_tar:.:/opt/alt/php72/usr/share/pear')" at /home/u630514812/domains/jeitodecozinha.com.br/public_html/loja/src/Adapter/Module/Module.php line 369 {"exception":"[object] (Symfony\\Component\\Debug\\Exception\\FatalErrorException(code: 0): Compile Error: require_once(): Failed opening required '/home/u630514812/domains/jeitodecozinha.com.br/public_html/modules/ps_checkpayment/ps_checkpayment.php' (include_path='/home/u630514812/domains/jeitodecozinha.com.br/public_html/loja/vendor/pear/pear_exception:/home/u630514812/domains/jeitodecozinha.com.br/public_html/loja/vendor/pear/console_getopt:/home/u630514812/domains/jeitodecozinha.com.br/public_html/loja/vendor/pear/pear-core-minimal/src:/home/u630514812/domains/jeitodecozinha.com.br/public_html/loja/vendor/pear/archive_tar:.:/opt/alt/php72/usr/share/pear') at /home/u630514812/domains/jeitodecozinha.com.br/public_html/loja/src/Adapter/Module/Module.php:369)"} []
[2020-09-10 21:12:06] security.DEBUG: Stored the security token in the session. {"key":"_security_main"} []
[2020-09-10 21:12:19] request.INFO: Matched route "admin_module_manage_action". {"route":"admin_module_manage_action","route_parameters":{"_controller":"PrestaShopBundle\\Controller\\Admin\\Improve\\ModuleController::moduleAction","action":"disable","module_name":"ps_checkpayment","_route":"admin_module_manage_action"},"request_uri":"http://jeitodecozinha.com.br/loja/admin914u2qbma/index.php/improve/modules/manage/action/disable/ps_checkpayment?_token=JcgSMf4wnuutyv4qI2EKfJ75rL-AI29VpyHCzdLMU40","method":"POST"} []
[2020-09-10 21:12:19] security.DEBUG: Read existing security token from the session. {"key":"_security_main","token_class":"Symfony\\Component\\Security\\Core\\Authentication\\Token\\UsernamePasswordToken"} []
[2020-09-10 21:12:19] security.DEBUG: User was reloaded from a user provider. {"provider":"PrestaShopBundle\\Security\\Admin\\EmployeeProvider","username":"jeitodecozinha@gmail.com"} []
[2020-09-10 21:12:19] request.CRITICAL: Uncaught PHP Exception Symfony\Component\Debug\Exception\FatalErrorException: "Compile Error: require_once(): Failed opening required '/home/u630514812/domains/jeitodecozinha.com.br/public_html/modules/ps_checkpayment/ps_checkpayment.php' (include_path='/home/u630514812/domains/jeitodecozinha.com.br/public_html/loja/vendor/pear/pear_exception:/home/u630514812/domains/jeitodecozinha.com.br/public_html/loja/vendor/pear/console_getopt:/home/u630514812/domains/jeitodecozinha.com.br/public_html/loja/vendor/pear/pear-core-minimal/src:/home/u630514812/domains/jeitodecozinha.com.br/public_html/loja/vendor/pear/archive_tar:.:/opt/alt/php72/usr/share/pear')" at /home/u630514812/domains/jeitodecozinha.com.br/public_html/loja/src/Adapter/Module/Module.php line 369 {"exception":"[object] (Symfony\\Component\\Debug\\Exception\\FatalErrorException(code: 0): Compile Error: require_once(): Failed opening required '/home/u630514812/domains/jeitodecozinha.com.br/public_html/modules/ps_checkpayment/ps_checkpayment.php' (include_path='/home/u630514812/domains/jeitodecozinha.com.br/public_html/loja/vendor/pear/pear_exception:/home/u630514812/domains/jeitodecozinha.com.br/public_html/loja/vendor/pear/console_getopt:/home/u630514812/domains/jeitodecozinha.com.br/public_html/loja/vendor/pear/pear-core-minimal/src:/home/u630514812/domains/jeitodecozinha.com.br/public_html/loja/vendor/pear/archive_tar:.:/opt/alt/php72/usr/share/pear') at /home/u630514812/domains/jeitodecozinha.com.br/public_html/loja/src/Adapter/Module/Module.php:369)"} []
[2020-09-10 21:12:19] security.DEBUG: Stored the security token in the session. {"key":"_security_main"} []
[2020-09-10 21:12:35] request.INFO: Matched route "admin_module_notification_count". {"route":"admin_module_notification_count","route_parameters":{"_controller":"PrestaShopBundle\\Controller\\Admin\\Improve\\Modules\\AlertsController::notificationsCountAction","_legacy_controller":"AdminModulesNotifications","_legacy_link":"AdminModulesNotifications:count","_route":"admin_module_notification_count"},"request_uri":"http://jeitodecozinha.com.br/loja/admin914u2qbma/index.php/improve/modules/alerts/count?_token=JcgSMf4wnuutyv4qI2EKfJ75rL-AI29VpyHCzdLMU40","method":"GET"} []
[2020-09-10 21:12:36] security.DEBUG: Read existing security token from the session. {"key":"_security_main","token_class":"Symfony\\Component\\Security\\Core\\Authentication\\Token\\UsernamePasswordToken"} []
[2020-09-10 21:12:36] security.DEBUG: User was reloaded from a user provider. {"provider":"PrestaShopBundle\\Security\\Admin\\EmployeeProvider","username":"jeitodecozinha@gmail.com"} []
[2020-09-10 21:12:36] request.CRITICAL: Uncaught PHP Exception Symfony\Component\Debug\Exception\FatalErrorException: "Compile Error: require_once(): Failed opening required '/home/u630514812/domains/jeitodecozinha.com.br/public_html/modules/dashgoals/dashgoals.php' (include_path='/home/u630514812/domains/jeitodecozinha.com.br/public_html/loja/vendor/pear/pear_exception:/home/u630514812/domains/jeitodecozinha.com.br/public_html/loja/vendor/pear/console_getopt:/home/u630514812/domains/jeitodecozinha.com.br/public_html/loja/vendor/pear/pear-core-minimal/src:/home/u630514812/domains/jeitodecozinha.com.br/public_html/loja/vendor/pear/archive_tar:.:/opt/alt/php72/usr/share/pear')" at /home/u630514812/domains/jeitodecozinha.com.br/public_html/loja/src/Adapter/Module/Module.php line 369 {"exception":"[object] (Symfony\\Component\\Debug\\Exception\\FatalErrorException(code: 0): Compile Error: require_once(): Failed opening required '/home/u630514812/domains/jeitodecozinha.com.br/public_html/modules/dashgoals/dashgoals.php' (include_path='/home/u630514812/domains/jeitodecozinha.com.br/public_html/loja/vendor/pear/pear_exception:/home/u630514812/domains/jeitodecozinha.com.br/public_html/loja/vendor/pear/console_getopt:/home/u630514812/domains/jeitodecozinha.com.br/public_html/loja/vendor/pear/pear-core-minimal/src:/home/u630514812/domains/jeitodecozinha.com.br/public_html/loja/vendor/pear/archive_tar:.:/opt/alt/php72/usr/share/pear') at /home/u630514812/domains/jeitodecozinha.com.br/public_html/loja/src/Adapter/Module/Module.php:369)"} []
[2020-09-10 21:12:36] security.DEBUG: Stored the security token in the session. {"key":"_security_main"} []
[2020-09-10 21:13:12] request.INFO: Matched route "admin_module_manage_action". {"route":"admin_module_manage_action","route_parameters":{"_controller":"PrestaShopBundle\\Controller\\Admin\\Improve\\ModuleController::moduleAction","action":"reset","module_name":"ps_checkpayment","_route":"admin_module_manage_action"},"request_uri":"http://jeitodecozinha.com.br/loja/admin914u2qbma/index.php/improve/modules/manage/action/reset/ps_checkpayment?_token=JcgSMf4wnuutyv4qI2EKfJ75rL-AI29VpyHCzdLMU40","method":"POST"} []
[2020-09-10 21:13:12] security.DEBUG: Read existing security token from the session. {"key":"_security_main","token_class":"Symfony\\Component\\Security\\Core\\Authentication\\Token\\UsernamePasswordToken"} []
[2020-09-10 21:13:12] security.DEBUG: User was reloaded from a user provider. {"provider":"PrestaShopBundle\\Security\\Admin\\EmployeeProvider","username":"jeitodecozinha@gmail.com"} []
[2020-09-10 21:13:12] request.CRITICAL: Uncaught PHP Exception Symfony\Component\Debug\Exception\FatalErrorException: "Compile Error: require_once(): Failed opening required '/home/u630514812/domains/jeitodecozinha.com.br/public_html/modules/ps_checkpayment/ps_checkpayment.php' (include_path='/home/u630514812/domains/jeitodecozinha.com.br/public_html/loja/vendor/pear/pear_exception:/home/u630514812/domains/jeitodecozinha.com.br/public_html/loja/vendor/pear/console_getopt:/home/u630514812/domains/jeitodecozinha.com.br/public_html/loja/vendor/pear/pear-core-minimal/src:/home/u630514812/domains/jeitodecozinha.com.br/public_html/loja/vendor/pear/archive_tar:.:/opt/alt/php72/usr/share/pear')" at /home/u630514812/domains/jeitodecozinha.com.br/public_html/loja/src/Adapter/Module/Module.php line 369 {"exception":"[object] (Symfony\\Component\\Debug\\Exception\\FatalErrorException(code: 0): Compile Error: require_once(): Failed opening required '/home/u630514812/domains/jeitodecozinha.com.br/public_html/modules/ps_checkpayment/ps_checkpayment.php' (include_path='/home/u630514812/domains/jeitodecozinha.com.br/public_html/loja/vendor/pear/pear_exception:/home/u630514812/domains/jeitodecozinha.com.br/public_html/loja/vendor/pear/console_getopt:/home/u630514812/domains/jeitodecozinha.com.br/public_html/loja/vendor/pear/pear-core-minimal/src:/home/u630514812/domains/jeitodecozinha.com.br/public_html/loja/vendor/pear/archive_tar:.:/opt/alt/php72/usr/share/pear') at /home/u630514812/domains/jeitodecozinha.com.br/public_html/loja/src/Adapter/Module/Module.php:369)"} []
[2020-09-10 21:13:12] security.DEBUG: Stored the security token in the session. {"key":"_security_main"} []
[2020-09-10 21:13:25] request.INFO: Matched route "admin_module_manage_action". {"route":"admin_module_manage_action","route_parameters":{"_controller":"PrestaShopBundle\\Controller\\Admin\\Improve\\ModuleController::moduleAction","action":"uninstall","module_name":"ps_checkpayment","_route":"admin_module_manage_action"},"request_uri":"http://jeitodecozinha.com.br/loja/admin914u2qbma/index.php/improve/modules/manage/action/uninstall/ps_checkpayment?_token=JcgSMf4wnuutyv4qI2EKfJ75rL-AI29VpyHCzdLMU40","method":"POST"} []
[2020-09-10 21:13:25] security.DEBUG: Read existing security token from the session. {"key":"_security_main","token_class":"Symfony\\Component\\Security\\Core\\Authentication\\Token\\UsernamePasswordToken"} []
[2020-09-10 21:13:25] security.DEBUG: User was reloaded from a user provider. {"provider":"PrestaShopBundle\\Security\\Admin\\EmployeeProvider","username":"jeitodecozinha@gmail.com"} []
[2020-09-10 21:13:25] request.CRITICAL: Uncaught PHP Exception Symfony\Component\Debug\Exception\FatalErrorException: "Compile Error: require_once(): Failed opening required '/home/u630514812/domains/jeitodecozinha.com.br/public_html/modules/ps_checkpayment/ps_checkpayment.php' (include_path='/home/u630514812/domains/jeitodecozinha.com.br/public_html/loja/vendor/pear/pear_exception:/home/u630514812/domains/jeitodecozinha.com.br/public_html/loja/vendor/pear/console_getopt:/home/u630514812/domains/jeitodecozinha.com.br/public_html/loja/vendor/pear/pear-core-minimal/src:/home/u630514812/domains/jeitodecozinha.com.br/public_html/loja/vendor/pear/archive_tar:.:/opt/alt/php72/usr/share/pear')" at /home/u630514812/domains/jeitodecozinha.com.br/public_html/loja/src/Adapter/Module/Module.php line 369 {"exception":"[object] (Symfony\\Component\\Debug\\Exception\\FatalErrorException(code: 0): Compile Error: require_once(): Failed opening required '/home/u630514812/domains/jeitodecozinha.com.br/public_html/modules/ps_checkpayment/ps_checkpayment.php' (include_path='/home/u630514812/domains/jeitodecozinha.com.br/public_html/loja/vendor/pear/pear_exception:/home/u630514812/domains/jeitodecozinha.com.br/public_html/loja/vendor/pear/console_getopt:/home/u630514812/domains/jeitodecozinha.com.br/public_html/loja/vendor/pear/pear-core-minimal/src:/home/u630514812/domains/jeitodecozinha.com.br/public_html/loja/vendor/pear/archive_tar:.:/opt/alt/php72/usr/share/pear') at /home/u630514812/domains/jeitodecozinha.com.br/public_html/loja/src/Adapter/Module/Module.php:369)"} []
[2020-09-10 21:13:25] security.DEBUG: Stored the security token in the session. {"key":"_security_main"} []
[2020-09-10 21:13:34] request.INFO: Matched route "admin_module_notification_count". {"route":"admin_module_notification_count","route_parameters":{"_controller":"PrestaShopBundle\\Controller\\Admin\\Improve\\Modules\\AlertsController::notificationsCountAction","_legacy_controller":"AdminModulesNotifications","_legacy_link":"AdminModulesNotifications:count","_route":"admin_module_notification_count"},"request_uri":"http://jeitodecozinha.com.br/loja/admin914u2qbma/index.php/improve/modules/alerts/count?_token=JcgSMf4wnuutyv4qI2EKfJ75rL-AI29VpyHCzdLMU40","method":"GET"} []
[2020-09-10 21:13:34] security.DEBUG: Read existing security token from the session. {"key":"_security_main","token_class":"Symfony\\Component\\Security\\Core\\Authentication\\Token\\UsernamePasswordToken"} []
[2020-09-10 21:13:34] security.DEBUG: User was reloaded from a user provider. {"provider":"PrestaShopBundle\\Security\\Admin\\EmployeeProvider","username":"jeitodecozinha@gmail.com"} []
[2020-09-10 21:13:35] request.CRITICAL: Uncaught PHP Exception Symfony\Component\Debug\Exception\FatalErrorException: "Compile Error: require_once(): Failed opening required '/home/u630514812/domains/jeitodecozinha.com.br/public_html/modules/dashgoals/dashgoals.php' (include_path='/home/u630514812/domains/jeitodecozinha.com.br/public_html/loja/vendor/pear/pear_exception:/home/u630514812/domains/jeitodecozinha.com.br/public_html/loja/vendor/pear/console_getopt:/home/u630514812/domains/jeitodecozinha.com.br/public_html/loja/vendor/pear/pear-core-minimal/src:/home/u630514812/domains/jeitodecozinha.com.br/public_html/loja/vendor/pear/archive_tar:.:/opt/alt/php72/usr/share/pear')" at /home/u630514812/domains/jeitodecozinha.com.br/public_html/loja/src/Adapter/Module/Module.php line 369 {"exception":"[object] (Symfony\\Component\\Debug\\Exception\\FatalErrorException(code: 0): Compile Error: require_once(): Failed opening required '/home/u630514812/domains/jeitodecozinha.com.br/public_html/modules/dashgoals/dashgoals.php' (include_path='/home/u630514812/domains/jeitodecozinha.com.br/public_html/loja/vendor/pear/pear_exception:/home/u630514812/domains/jeitodecozinha.com.br/public_html/loja/vendor/pear/console_getopt:/home/u630514812/domains/jeitodecozinha.com.br/public_html/loja/vendor/pear/pear-core-minimal/src:/home/u630514812/domains/jeitodecozinha.com.br/public_html/loja/vendor/pear/archive_tar:.:/opt/alt/php72/usr/share/pear') at /home/u630514812/domains/jeitodecozinha.com.br/public_html/loja/src/Adapter/Module/Module.php:369)"} []
[2020-09-10 21:13:35] security.DEBUG: Stored the security token in the session. {"key":"_security_main"} []
[2020-09-10 21:13:38] request.INFO: Matched route "admin_module_manage_action". {"route":"admin_module_manage_action","route_parameters":{"_controller":"PrestaShopBundle\\Controller\\Admin\\Improve\\ModuleController::moduleAction","action":"uninstall","module_name":"ps_checkpayment","_route":"admin_module_manage_action"},"request_uri":"http://jeitodecozinha.com.br/loja/admin914u2qbma/index.php/improve/modules/manage/action/uninstall/ps_checkpayment?_token=JcgSMf4wnuutyv4qI2EKfJ75rL-AI29VpyHCzdLMU40","method":"POST"} []
[2020-09-10 21:13:38] security.DEBUG: Read existing security token from the session. {"key":"_security_main","token_class":"Symfony\\Component\\Security\\Core\\Authentication\\Token\\UsernamePasswordToken"} []
[2020-09-10 21:13:38] security.DEBUG: User was reloaded from a user provider. {"provider":"PrestaShopBundle\\Security\\Admin\\EmployeeProvider","username":"jeitodecozinha@gmail.com"} []
[2020-09-10 21:13:39] request.CRITICAL: Uncaught PHP Exception Symfony\Component\Debug\Exception\FatalErrorException: "Compile Error: require_once(): Failed opening required '/home/u630514812/domains/jeitodecozinha.com.br/public_html/modules/ps_checkpayment/ps_checkpayment.php' (include_path='/home/u630514812/domains/jeitodecozinha.com.br/public_html/loja/vendor/pear/pear_exception:/home/u630514812/domains/jeitodecozinha.com.br/public_html/loja/vendor/pear/console_getopt:/home/u630514812/domains/jeitodecozinha.com.br/public_html/loja/vendor/pear/pear-core-minimal/src:/home/u630514812/domains/jeitodecozinha.com.br/public_html/loja/vendor/pear/archive_tar:.:/opt/alt/php72/usr/share/pear')" at /home/u630514812/domains/jeitodecozinha.com.br/public_html/loja/src/Adapter/Module/Module.php line 369 {"exception":"[object] (Symfony\\Component\\Debug\\Exception\\FatalErrorException(code: 0): Compile Error: require_once(): Failed opening required '/home/u630514812/domains/jeitodecozinha.com.br/public_html/modules/ps_checkpayment/ps_checkpayment.php' (include_path='/home/u630514812/domains/jeitodecozinha.com.br/public_html/loja/vendor/pear/pear_exception:/home/u630514812/domains/jeitodecozinha.com.br/public_html/loja/vendor/pear/console_getopt:/home/u630514812/domains/jeitodecozinha.com.br/public_html/loja/vendor/pear/pear-core-minimal/src:/home/u630514812/domains/jeitodecozinha.com.br/public_html/loja/vendor/pear/archive_tar:.:/opt/alt/php72/usr/share/pear') at /home/u630514812/domains/jeitodecozinha.com.br/public_html/loja/src/Adapter/Module/Module.php:369)"} []
[2020-09-10 21:13:39] security.DEBUG: Stored the security token in the session. {"key":"_security_main"} []
[2020-09-10 21:14:44] request.INFO: Matched route "admin_module_manage_action". {"route":"admin_module_manage_action","route_parameters":{"_controller":"PrestaShopBundle\\Controller\\Admin\\Improve\\ModuleController::moduleAction","action":"disable","module_name":"ps_checkpayment","_route":"admin_module_manage_action"},"request_uri":"http://jeitodecozinha.com.br/loja/admin914u2qbma/index.php/improve/modules/manage/action/disable/ps_checkpayment?_token=JcgSMf4wnuutyv4qI2EKfJ75rL-AI29VpyHCzdLMU40","method":"POST"} []
[2020-09-10 21:14:44] security.DEBUG: Read existing security token from the session. {"key":"_security_main","token_class":"Symfony\\Component\\Security\\Core\\Authentication\\Token\\UsernamePasswordToken"} []
[2020-09-10 21:14:44] security.DEBUG: User was reloaded from a user provider. {"provider":"PrestaShopBundle\\Security\\Admin\\EmployeeProvider","username":"jeitodecozinha@gmail.com"} []
[2020-09-10 21:14:44] request.CRITICAL: Uncaught PHP Exception Symfony\Component\Debug\Exception\FatalErrorException: "Compile Error: require_once(): Failed opening required '/home/u630514812/domains/jeitodecozinha.com.br/public_html/modules/ps_checkpayment/ps_checkpayment.php' (include_path='/home/u630514812/domains/jeitodecozinha.com.br/public_html/loja/vendor/pear/pear_exception:/home/u630514812/domains/jeitodecozinha.com.br/public_html/loja/vendor/pear/console_getopt:/home/u630514812/domains/jeitodecozinha.com.br/public_html/loja/vendor/pear/pear-core-minimal/src:/home/u630514812/domains/jeitodecozinha.com.br/public_html/loja/vendor/pear/archive_tar:.:/opt/alt/php72/usr/share/pear')" at /home/u630514812/domains/jeitodecozinha.com.br/public_html/loja/src/Adapter/Module/Module.php line 369 {"exception":"[object] (Symfony\\Component\\Debug\\Exception\\FatalErrorException(code: 0): Compile Error: require_once(): Failed opening required '/home/u630514812/domains/jeitodecozinha.com.br/public_html/modules/ps_checkpayment/ps_checkpayment.php' (include_path='/home/u630514812/domains/jeitodecozinha.com.br/public_html/loja/vendor/pear/pear_exception:/home/u630514812/domains/jeitodecozinha.com.br/public_html/loja/vendor/pear/console_getopt:/home/u630514812/domains/jeitodecozinha.com.br/public_html/loja/vendor/pear/pear-core-minimal/src:/home/u630514812/domains/jeitodecozinha.com.br/public_html/loja/vendor/pear/archive_tar:.:/opt/alt/php72/usr/share/pear') at /home/u630514812/domains/jeitodecozinha.com.br/public_html/loja/src/Adapter/Module/Module.php:369)"} []
[2020-09-10 21:14:44] security.DEBUG: Stored the security token in the session. {"key":"_security_main"} []
[2020-09-10 21:19:56] request.INFO: Matched route "admin_module_notification_count". {"route":"admin_module_notification_count","route_parameters":{"_controller":"PrestaShopBundle\\Controller\\Admin\\Improve\\Modules\\AlertsController::notificationsCountAction","_legacy_controller":"AdminModulesNotifications","_legacy_link":"AdminModulesNotifications:count","_route":"admin_module_notification_count"},"request_uri":"http://jeitodecozinha.com.br/loja/admin914u2qbma/index.php/improve/modules/alerts/count?_token=U4EcEKiQ7KqDp-pnkbHZ5GztaA5-S2_c-DzrKij8224","method":"GET"} []
[2020-09-10 21:19:56] security.DEBUG: Read existing security token from the session. {"key":"_security_main","token_class":"Symfony\\Component\\Security\\Core\\Authentication\\Token\\UsernamePasswordToken"} []
[2020-09-10 21:19:56] security.DEBUG: User was reloaded from a user provider. {"provider":"PrestaShopBundle\\Security\\Admin\\EmployeeProvider","username":"jeitodecozinha@gmail.com"} []
[2020-09-10 21:19:56] request.CRITICAL: Uncaught PHP Exception Symfony\Component\Debug\Exception\FatalErrorException: "Compile Error: require_once(): Failed opening required '/home/u630514812/domains/jeitodecozinha.com.br/public_html/modules/dashgoals/dashgoals.php' (include_path='/home/u630514812/domains/jeitodecozinha.com.br/public_html/loja/vendor/pear/pear_exception:/home/u630514812/domains/jeitodecozinha.com.br/public_html/loja/vendor/pear/console_getopt:/home/u630514812/domains/jeitodecozinha.com.br/public_html/loja/vendor/pear/pear-core-minimal/src:/home/u630514812/domains/jeitodecozinha.com.br/public_html/loja/vendor/pear/archive_tar:.:/opt/alt/php72/usr/share/pear')" at /home/u630514812/domains/jeitodecozinha.com.br/public_html/loja/src/Adapter/Module/Module.php line 369 {"exception":"[object] (Symfony\\Component\\Debug\\Exception\\FatalErrorException(code: 0): Compile Error: require_once(): Failed opening required '/home/u630514812/domains/jeitodecozinha.com.br/public_html/modules/dashgoals/dashgoals.php' (include_path='/home/u630514812/domains/jeitodecozinha.com.br/public_html/loja/vendor/pear/pear_exception:/home/u630514812/domains/jeitodecozinha.com.br/public_html/loja/vendor/pear/console_getopt:/home/u630514812/domains/jeitodecozinha.com.br/public_html/loja/vendor/pear/pear-core-minimal/src:/home/u630514812/domains/jeitodecozinha.com.br/public_html/loja/vendor/pear/archive_tar:.:/opt/alt/php72/usr/share/pear') at /home/u630514812/domains/jeitodecozinha.com.br/public_html/loja/src/Adapter/Module/Module.php:369)"} []
[2020-09-10 21:19:56] security.DEBUG: Stored the security token in the session. {"key":"_security_main"} []
[2020-09-10 21:20:14] request.INFO: Matched route "admin_module_manage_action". {"route":"admin_module_manage_action","route_parameters":{"_controller":"PrestaShopBundle\\Controller\\Admin\\Improve\\ModuleController::moduleAction","action":"uninstall","module_name":"ps_checkpayment","_route":"admin_module_manage_action"},"request_uri":"http://jeitodecozinha.com.br/loja/admin914u2qbma/index.php/improve/modules/manage/action/uninstall/ps_checkpayment?_token=U4EcEKiQ7KqDp-pnkbHZ5GztaA5-S2_c-DzrKij8224","method":"POST"} []
[2020-09-10 21:20:14] security.DEBUG: Read existing security token from the session. {"key":"_security_main","token_class":"Symfony\\Component\\Security\\Core\\Authentication\\Token\\UsernamePasswordToken"} []
[2020-09-10 21:20:14] security.DEBUG: User was reloaded from a user provider. {"provider":"PrestaShopBundle\\Security\\Admin\\EmployeeProvider","username":"jeitodecozinha@gmail.com"} []
[2020-09-10 21:20:14] request.CRITICAL: Uncaught PHP Exception Symfony\Component\Debug\Exception\FatalErrorException: "Compile Error: require_once(): Failed opening required '/home/u630514812/domains/jeitodecozinha.com.br/public_html/modules/ps_checkpayment/ps_checkpayment.php' (include_path='/home/u630514812/domains/jeitodecozinha.com.br/public_html/loja/vendor/pear/pear_exception:/home/u630514812/domains/jeitodecozinha.com.br/public_html/loja/vendor/pear/console_getopt:/home/u630514812/domains/jeitodecozinha.com.br/public_html/loja/vendor/pear/pear-core-minimal/src:/home/u630514812/domains/jeitodecozinha.com.br/public_html/loja/vendor/pear/archive_tar:.:/opt/alt/php72/usr/share/pear')" at /home/u630514812/domains/jeitodecozinha.com.br/public_html/loja/src/Adapter/Module/Module.php line 369 {"exception":"[object] (Symfony\\Component\\Debug\\Exception\\FatalErrorException(code: 0): Compile Error: require_once(): Failed opening required '/home/u630514812/domains/jeitodecozinha.com.br/public_html/modules/ps_checkpayment/ps_checkpayment.php' (include_path='/home/u630514812/domains/jeitodecozinha.com.br/public_html/loja/vendor/pear/pear_exception:/home/u630514812/domains/jeitodecozinha.com.br/public_html/loja/vendor/pear/console_getopt:/home/u630514812/domains/jeitodecozinha.com.br/public_html/loja/vendor/pear/pear-core-minimal/src:/home/u630514812/domains/jeitodecozinha.com.br/public_html/loja/vendor/pear/archive_tar:.:/opt/alt/php72/usr/share/pear') at /home/u630514812/domains/jeitodecozinha.com.br/public_html/loja/src/Adapter/Module/Module.php:369)"} []
[2020-09-10 21:20:14] security.DEBUG: Stored the security token in the session. {"key":"_security_main"} []
[2020-09-10 21:20:30] request.INFO: Matched route "admin_module_manage_action". {"route":"admin_module_manage_action","route_parameters":{"_controller":"PrestaShopBundle\\Controller\\Admin\\Improve\\ModuleController::moduleAction","action":"uninstall","module_name":"ps_checkpayment","_route":"admin_module_manage_action"},"request_uri":"http://jeitodecozinha.com.br/loja/admin914u2qbma/index.php/improve/modules/manage/action/uninstall/ps_checkpayment?_token=U4EcEKiQ7KqDp-pnkbHZ5GztaA5-S2_c-DzrKij8224","method":"POST"} []
[2020-09-10 21:20:30] security.DEBUG: Read existing security token from the session. {"key":"_security_main","token_class":"Symfony\\Component\\Security\\Core\\Authentication\\Token\\UsernamePasswordToken"} []
[2020-09-10 21:20:30] security.DEBUG: User was reloaded from a user provider. {"provider":"PrestaShopBundle\\Security\\Admin\\EmployeeProvider","username":"jeitodecozinha@gmail.com"} []
[2020-09-10 21:20:30] request.CRITICAL: Uncaught PHP Exception Symfony\Component\Debug\Exception\FatalErrorException: "Compile Error: require_once(): Failed opening required '/home/u630514812/domains/jeitodecozinha.com.br/public_html/modules/ps_checkpayment/ps_checkpayment.php' (include_path='/home/u630514812/domains/jeitodecozinha.com.br/public_html/loja/vendor/pear/pear_exception:/home/u630514812/domains/jeitodecozinha.com.br/public_html/loja/vendor/pear/console_getopt:/home/u630514812/domains/jeitodecozinha.com.br/public_html/loja/vendor/pear/pear-core-minimal/src:/home/u630514812/domains/jeitodecozinha.com.br/public_html/loja/vendor/pear/archive_tar:.:/opt/alt/php72/usr/share/pear')" at /home/u630514812/domains/jeitodecozinha.com.br/public_html/loja/src/Adapter/Module/Module.php line 369 {"exception":"[object] (Symfony\\Component\\Debug\\Exception\\FatalErrorException(code: 0): Compile Error: require_once(): Failed opening required '/home/u630514812/domains/jeitodecozinha.com.br/public_html/modules/ps_checkpayment/ps_checkpayment.php' (include_path='/home/u630514812/domains/jeitodecozinha.com.br/public_html/loja/vendor/pear/pear_exception:/home/u630514812/domains/jeitodecozinha.com.br/public_html/loja/vendor/pear/console_getopt:/home/u630514812/domains/jeitodecozinha.com.br/public_html/loja/vendor/pear/pear-core-minimal/src:/home/u630514812/domains/jeitodecozinha.com.br/public_html/loja/vendor/pear/archive_tar:.:/opt/alt/php72/usr/share/pear') at /home/u630514812/domains/jeitodecozinha.com.br/public_html/loja/src/Adapter/Module/Module.php:369)"} []
[2020-09-10 21:20:30] security.DEBUG: Stored the security token in the session. {"key":"_security_main"} []
[2020-09-10 21:20:30] request.INFO: Matched route "admin_module_manage_action". {"route":"admin_module_manage_action","route_parameters":{"_controller":"PrestaShopBundle\\Controller\\Admin\\Improve\\ModuleController::moduleAction","action":"uninstall","module_name":"ps_checkpayment","_route":"admin_module_manage_action"},"request_uri":"http://jeitodecozinha.com.br/loja/admin914u2qbma/index.php/improve/modules/manage/action/uninstall/ps_checkpayment?_token=U4EcEKiQ7KqDp-pnkbHZ5GztaA5-S2_c-DzrKij8224","method":"POST"} []
[2020-09-10 21:20:30] security.DEBUG: Read existing security token from the session. {"key":"_security_main","token_class":"Symfony\\Component\\Security\\Core\\Authentication\\Token\\UsernamePasswordToken"} []
[2020-09-10 21:20:30] security.DEBUG: User was reloaded from a user provider. {"provider":"PrestaShopBundle\\Security\\Admin\\EmployeeProvider","username":"jeitodecozinha@gmail.com"} []
[2020-09-10 21:20:30] request.CRITICAL: Uncaught PHP Exception Symfony\Component\Debug\Exception\FatalErrorException: "Compile Error: require_once(): Failed opening required '/home/u630514812/domains/jeitodecozinha.com.br/public_html/modules/ps_checkpayment/ps_checkpayment.php' (include_path='/home/u630514812/domains/jeitodecozinha.com.br/public_html/loja/vendor/pear/pear_exception:/home/u630514812/domains/jeitodecozinha.com.br/public_html/loja/vendor/pear/console_getopt:/home/u630514812/domains/jeitodecozinha.com.br/public_html/loja/vendor/pear/pear-core-minimal/src:/home/u630514812/domains/jeitodecozinha.com.br/public_html/loja/vendor/pear/archive_tar:.:/opt/alt/php72/usr/share/pear')" at /home/u630514812/domains/jeitodecozinha.com.br/public_html/loja/src/Adapter/Module/Module.php line 369 {"exception":"[object] (Symfony\\Component\\Debug\\Exception\\FatalErrorException(code: 0): Compile Error: require_once(): Failed opening required '/home/u630514812/domains/jeitodecozinha.com.br/public_html/modules/ps_checkpayment/ps_checkpayment.php' (include_path='/home/u630514812/domains/jeitodecozinha.com.br/public_html/loja/vendor/pear/pear_exception:/home/u630514812/domains/jeitodecozinha.com.br/public_html/loja/vendor/pear/console_getopt:/home/u630514812/domains/jeitodecozinha.com.br/public_html/loja/vendor/pear/pear-core-minimal/src:/home/u630514812/domains/jeitodecozinha.com.br/public_html/loja/vendor/pear/archive_tar:.:/opt/alt/php72/usr/share/pear') at /home/u630514812/domains/jeitodecozinha.com.br/public_html/loja/src/Adapter/Module/Module.php:369)"} []
[2020-09-10 21:20:30] security.DEBUG: Stored the security token in the session. {"key":"_security_main"} []
